CRITICAL - 2022-02-18 00:02:04 --> Undefined variable $libros
#0 C:\Xampp\htdocs\libreria\app\Views\libros\listar.php(16): CodeIgniter\Debug\Exceptions->errorHandler(2, 'Undefined varia...', 'C:\\Xampp\\htdocs...', 16)
#1 C:\Xampp\htdocs\libreria\system\View\View.php(220): include('C:\\Xampp\\htdocs...')
#2 C:\Xampp\htdocs\libreria\system\View\View.php(222): CodeIgniter\View\View->CodeIgniter\View\{closure}()
#3 C:\Xampp\htdocs\libreria\system\Common.php(1217): CodeIgniter\View\View->render('libros/listar', Array, true)
#4 C:\Xampp\htdocs\libreria\app\Controllers\Home.php(9): view('libros/listar')
#5 C:\Xampp\htdocs\libreria\system\CodeIgniter.php(936): App\Controllers\Home->index()
#6 C:\Xampp\htdocs\libreria\system\CodeIgniter.php(432): CodeIgniter\CodeIgniter->runController(Object(App\Controllers\Home))
#7 C:\Xampp\htdocs\libreria\system\CodeIgniter.php(333): CodeIgniter\CodeIgniter->handleRequest(NULL, Object(Config\Cache), false)
#8 C:\Xampp\htdocs\libreria\public\index.php(44): CodeIgniter\CodeIgniter->run()
#9 {main}
CRITICAL - 2022-02-18 00:07:49 --> Undefined variable $libros
#0 C:\Xampp\htdocs\libreria\app\Views\libros\listar.php(16): CodeIgniter\Debug\Exceptions->errorHandler(2, 'Undefined varia...', 'C:\\Xampp\\htdocs...', 16)
#1 C:\Xampp\htdocs\libreria\system\View\View.php(220): include('C:\\Xampp\\htdocs...')
#2 C:\Xampp\htdocs\libreria\system\View\View.php(222): CodeIgniter\View\View->CodeIgniter\View\{closure}()
#3 C:\Xampp\htdocs\libreria\system\Common.php(1217): CodeIgniter\View\View->render('libros/listar', Array, true)
#4 C:\Xampp\htdocs\libreria\app\Controllers\Home.php(9): view('libros/listar')
#5 C:\Xampp\htdocs\libreria\system\CodeIgniter.php(936): App\Controllers\Home->index()
#6 C:\Xampp\htdocs\libreria\system\CodeIgniter.php(432): CodeIgniter\CodeIgniter->runController(Object(App\Controllers\Home))
#7 C:\Xampp\htdocs\libreria\system\CodeIgniter.php(333): CodeIgniter\CodeIgniter->handleRequest(NULL, Object(Config\Cache), false)
#8 C:\Xampp\htdocs\libreria\public\index.php(44): CodeIgniter\CodeIgniter->run()
#9 {main}
CRITICAL - 2022-02-18 00:34:01 --> Constant FILTER_SANITIZE_STRING is deprecated
#0 C:\Xampp\htdocs\libreria\system\Router\RouteCollection.php(1359): CodeIgniter\Debug\Exceptions->errorHandler(8192, 'Constant FILTER...', 'C:\\Xampp\\htdocs...', 1359)
#1 C:\Xampp\htdocs\libreria\system\Router\RouteCollection.php(608): CodeIgniter\Router\RouteCollection->create('*', 'BaseController(...', Object(Closure), NULL)
#2 C:\Xampp\htdocs\libreria\system\Config\Routes.php(27): CodeIgniter\Router\RouteCollection->add('BaseController(...', Object(Closure))
#3 C:\Xampp\htdocs\libreria\app\Config\Routes.php(12): require('C:\\Xampp\\htdocs...')
#4 C:\Xampp\htdocs\libreria\system\CodeIgniter.php(803): require('C:\\Xampp\\htdocs...')
#5 C:\Xampp\htdocs\libreria\system\CodeIgniter.php(385): CodeIgniter\CodeIgniter->tryToRouteIt(Object(CodeIgniter\Router\RouteCollection))
#6 C:\Xampp\htdocs\libreria\system\CodeIgniter.php(333): CodeIgniter\CodeIgniter->handleRequest(NULL, Object(Config\Cache), false)
#7 C:\Xampp\htdocs\libreria\public\index.php(44): CodeIgniter\CodeIgniter->run()
#8 {main}
CRITICAL - 2022-02-18 00:34:01 --> Uncaught ErrorException: Cannot modify header information - headers already sent by (output started at C:\Xampp\htdocs\libreria\app\Config\Events.php:35) in C:\Xampp\htdocs\libreria\system\Debug\Exceptions.php:137
Stack trace:
#0 [internal function]: CodeIgniter\Debug\Exceptions->errorHandler(2, 'Cannot modify h...', 'C:\\Xampp\\htdocs...', 137)
#1 C:\Xampp\htdocs\libreria\system\Debug\Exceptions.php(137): header('HTTP/1.1 500 In...', true, 500)
#2 [internal function]: CodeIgniter\Debug\Exceptions->exceptionHandler(Object(ErrorException))
#3 {main}
  thrown
#0 [internal function]: CodeIgniter\Debug\Exceptions->shutdownHandler()
#1 {main}
CRITICAL - 2022-02-18 01:00:38 --> Constant FILTER_SANITIZE_STRING is deprecated
#0 C:\Xampp\htdocs\libreria\system\Router\RouteCollection.php(1359): CodeIgniter\Debug\Exceptions->errorHandler(8192, 'Constant FILTER...', 'C:\\Xampp\\htdocs...', 1359)
#1 C:\Xampp\htdocs\libreria\system\Router\RouteCollection.php(608): CodeIgniter\Router\RouteCollection->create('*', 'BaseController(...', Object(Closure), NULL)
#2 C:\Xampp\htdocs\libreria\system\Config\Routes.php(27): CodeIgniter\Router\RouteCollection->add('BaseController(...', Object(Closure))
#3 C:\Xampp\htdocs\libreria\app\Config\Routes.php(12): require('C:\\Xampp\\htdocs...')
#4 C:\Xampp\htdocs\libreria\system\CodeIgniter.php(803): require('C:\\Xampp\\htdocs...')
#5 C:\Xampp\htdocs\libreria\system\CodeIgniter.php(385): CodeIgniter\CodeIgniter->tryToRouteIt(Object(CodeIgniter\Router\RouteCollection))
#6 C:\Xampp\htdocs\libreria\system\CodeIgniter.php(333): CodeIgniter\CodeIgniter->handleRequest(NULL, Object(Config\Cache), false)
#7 C:\Xampp\htdocs\libreria\public\index.php(44): CodeIgniter\CodeIgniter->run()
#8 {main}
CRITICAL - 2022-02-18 01:00:38 --> Uncaught ErrorException: Cannot modify header information - headers already sent by (output started at C:\Xampp\htdocs\libreria\app\Config\Events.php:35) in C:\Xampp\htdocs\libreria\system\Debug\Exceptions.php:137
Stack trace:
#0 [internal function]: CodeIgniter\Debug\Exceptions->errorHandler(2, 'Cannot modify h...', 'C:\\Xampp\\htdocs...', 137)
#1 C:\Xampp\htdocs\libreria\system\Debug\Exceptions.php(137): header('HTTP/1.1 500 In...', true, 500)
#2 [internal function]: CodeIgniter\Debug\Exceptions->exceptionHandler(Object(ErrorException))
#3 {main}
  thrown
#0 [internal function]: CodeIgniter\Debug\Exceptions->shutdownHandler()
#1 {main}
CRITICAL - 2022-02-18 01:06:38 --> Constant FILTER_SANITIZE_STRING is deprecated
#0 C:\Xampp\htdocs\libreria\system\Router\RouteCollection.php(1359): CodeIgniter\Debug\Exceptions->errorHandler(8192, 'Constant FILTER...', 'C:\\Xampp\\htdocs...', 1359)
#1 C:\Xampp\htdocs\libreria\system\Router\RouteCollection.php(608): CodeIgniter\Router\RouteCollection->create('*', 'BaseController(...', Object(Closure), NULL)
#2 C:\Xampp\htdocs\libreria\system\Config\Routes.php(27): CodeIgniter\Router\RouteCollection->add('BaseController(...', Object(Closure))
#3 C:\Xampp\htdocs\libreria\app\Config\Routes.php(12): require('C:\\Xampp\\htdocs...')
#4 C:\Xampp\htdocs\libreria\system\CodeIgniter.php(803): require('C:\\Xampp\\htdocs...')
#5 C:\Xampp\htdocs\libreria\system\CodeIgniter.php(385): CodeIgniter\CodeIgniter->tryToRouteIt(Object(CodeIgniter\Router\RouteCollection))
#6 C:\Xampp\htdocs\libreria\system\CodeIgniter.php(333): CodeIgniter\CodeIgniter->handleRequest(NULL, Object(Config\Cache), false)
#7 C:\Xampp\htdocs\libreria\public\index.php(44): CodeIgniter\CodeIgniter->run()
#8 {main}
CRITICAL - 2022-02-18 01:06:38 --> Uncaught ErrorException: Cannot modify header information - headers already sent by (output started at C:\Xampp\htdocs\libreria\app\Config\Events.php:35) in C:\Xampp\htdocs\libreria\system\Debug\Exceptions.php:137
Stack trace:
#0 [internal function]: CodeIgniter\Debug\Exceptions->errorHandler(2, 'Cannot modify h...', 'C:\\Xampp\\htdocs...', 137)
#1 C:\Xampp\htdocs\libreria\system\Debug\Exceptions.php(137): header('HTTP/1.1 500 In...', true, 500)
#2 [internal function]: CodeIgniter\Debug\Exceptions->exceptionHandler(Object(ErrorException))
#3 {main}
  thrown
#0 [internal function]: CodeIgniter\Debug\Exceptions->shutdownHandler()
#1 {main}
CRITICAL - 2022-02-18 01:06:39 --> Constant FILTER_SANITIZE_STRING is deprecated
#0 C:\Xampp\htdocs\libreria\system\Router\RouteCollection.php(1359): CodeIgniter\Debug\Exceptions->errorHandler(8192, 'Constant FILTER...', 'C:\\Xampp\\htdocs...', 1359)
#1 C:\Xampp\htdocs\libreria\system\Router\RouteCollection.php(608): CodeIgniter\Router\RouteCollection->create('*', 'BaseController(...', Object(Closure), NULL)
#2 C:\Xampp\htdocs\libreria\system\Config\Routes.php(27): CodeIgniter\Router\RouteCollection->add('BaseController(...', Object(Closure))
#3 C:\Xampp\htdocs\libreria\app\Config\Routes.php(12): require('C:\\Xampp\\htdocs...')
#4 C:\Xampp\htdocs\libreria\system\CodeIgniter.php(803): require('C:\\Xampp\\htdocs...')
#5 C:\Xampp\htdocs\libreria\system\CodeIgniter.php(385): CodeIgniter\CodeIgniter->tryToRouteIt(Object(CodeIgniter\Router\RouteCollection))
#6 C:\Xampp\htdocs\libreria\system\CodeIgniter.php(333): CodeIgniter\CodeIgniter->handleRequest(NULL, Object(Config\Cache), false)
#7 C:\Xampp\htdocs\libreria\public\index.php(44): CodeIgniter\CodeIgniter->run()
#8 {main}
CRITICAL - 2022-02-18 01:06:39 --> Uncaught ErrorException: Cannot modify header information - headers already sent by (output started at C:\Xampp\htdocs\libreria\app\Config\Events.php:35) in C:\Xampp\htdocs\libreria\system\Debug\Exceptions.php:137
Stack trace:
#0 [internal function]: CodeIgniter\Debug\Exceptions->errorHandler(2, 'Cannot modify h...', 'C:\\Xampp\\htdocs...', 137)
#1 C:\Xampp\htdocs\libreria\system\Debug\Exceptions.php(137): header('HTTP/1.1 500 In...', true, 500)
#2 [internal function]: CodeIgniter\Debug\Exceptions->exceptionHandler(Object(ErrorException))
#3 {main}
  thrown
#0 [internal function]: CodeIgniter\Debug\Exceptions->shutdownHandler()
#1 {main}
CRITICAL - 2022-02-18 01:06:57 --> Undefined variable $libros
#0 C:\Xampp\htdocs\libreria\app\Views\libros\listar.php(16): CodeIgniter\Debug\Exceptions->errorHandler(2, 'Undefined varia...', 'C:\\Xampp\\htdocs...', 16)
#1 C:\Xampp\htdocs\libreria\system\View\View.php(220): include('C:\\Xampp\\htdocs...')
#2 C:\Xampp\htdocs\libreria\system\View\View.php(222): CodeIgniter\View\View->CodeIgniter\View\{closure}()
#3 C:\Xampp\htdocs\libreria\system\Common.php(1217): CodeIgniter\View\View->render('libros/listar', Array, true)
#4 C:\Xampp\htdocs\libreria\app\Controllers\Home.php(9): view('libros/listar')
#5 C:\Xampp\htdocs\libreria\system\CodeIgniter.php(936): App\Controllers\Home->index()
#6 C:\Xampp\htdocs\libreria\system\CodeIgniter.php(432): CodeIgniter\CodeIgniter->runController(Object(App\Controllers\Home))
#7 C:\Xampp\htdocs\libreria\system\CodeIgniter.php(333): CodeIgniter\CodeIgniter->handleRequest(NULL, Object(Config\Cache), false)
#8 C:\Xampp\htdocs\libreria\public\index.php(44): CodeIgniter\CodeIgniter->run()
#9 {main}
CRITICAL - 2022-02-18 01:07:23 --> Undefined variable $libro
#0 C:\Xampp\htdocs\libreria\app\Views\libros\listar.php(16): CodeIgniter\Debug\Exceptions->errorHandler(2, 'Undefined varia...', 'C:\\Xampp\\htdocs...', 16)
#1 C:\Xampp\htdocs\libreria\system\View\View.php(220): include('C:\\Xampp\\htdocs...')
#2 C:\Xampp\htdocs\libreria\system\View\View.php(222): CodeIgniter\View\View->CodeIgniter\View\{closure}()
#3 C:\Xampp\htdocs\libreria\system\Common.php(1217): CodeIgniter\View\View->render('libros/listar', Array, true)
#4 C:\Xampp\htdocs\libreria\app\Controllers\Home.php(9): view('libros/listar')
#5 C:\Xampp\htdocs\libreria\system\CodeIgniter.php(936): App\Controllers\Home->index()
#6 C:\Xampp\htdocs\libreria\system\CodeIgniter.php(432): CodeIgniter\CodeIgniter->runController(Object(App\Controllers\Home))
#7 C:\Xampp\htdocs\libreria\system\CodeIgniter.php(333): CodeIgniter\CodeIgniter->handleRequest(NULL, Object(Config\Cache), false)
#8 C:\Xampp\htdocs\libreria\public\index.php(44): CodeIgniter\CodeIgniter->run()
#9 {main}
CRITICAL - 2022-02-18 01:07:24 --> Undefined variable $libro
#0 C:\Xampp\htdocs\libreria\app\Views\libros\listar.php(16): CodeIgniter\Debug\Exceptions->errorHandler(2, 'Undefined varia...', 'C:\\Xampp\\htdocs...', 16)
#1 C:\Xampp\htdocs\libreria\system\View\View.php(220): include('C:\\Xampp\\htdocs...')
#2 C:\Xampp\htdocs\libreria\system\View\View.php(222): CodeIgniter\View\View->CodeIgniter\View\{closure}()
#3 C:\Xampp\htdocs\libreria\system\Common.php(1217): CodeIgniter\View\View->render('libros/listar', Array, true)
#4 C:\Xampp\htdocs\libreria\app\Controllers\Home.php(9): view('libros/listar')
#5 C:\Xampp\htdocs\libreria\system\CodeIgniter.php(936): App\Controllers\Home->index()
#6 C:\Xampp\htdocs\libreria\system\CodeIgniter.php(432): CodeIgniter\CodeIgniter->runController(Object(App\Controllers\Home))
#7 C:\Xampp\htdocs\libreria\system\CodeIgniter.php(333): CodeIgniter\CodeIgniter->handleRequest(NULL, Object(Config\Cache), false)
#8 C:\Xampp\htdocs\libreria\public\index.php(44): CodeIgniter\CodeIgniter->run()
#9 {main}
CRITICAL - 2022-02-18 01:12:13 --> Undefined variable $libros
#0 C:\Xampp\htdocs\libreria\app\Views\libros\listar.php(16): CodeIgniter\Debug\Exceptions->errorHandler(2, 'Undefined varia...', 'C:\\Xampp\\htdocs...', 16)
#1 C:\Xampp\htdocs\libreria\system\View\View.php(220): include('C:\\Xampp\\htdocs...')
#2 C:\Xampp\htdocs\libreria\system\View\View.php(222): CodeIgniter\View\View->CodeIgniter\View\{closure}()
#3 C:\Xampp\htdocs\libreria\system\Common.php(1217): CodeIgniter\View\View->render('libros/listar', Array, true)
#4 C:\Xampp\htdocs\libreria\app\Controllers\Home.php(9): view('libros/listar')
#5 C:\Xampp\htdocs\libreria\system\CodeIgniter.php(936): App\Controllers\Home->index()
#6 C:\Xampp\htdocs\libreria\system\CodeIgniter.php(432): CodeIgniter\CodeIgniter->runController(Object(App\Controllers\Home))
#7 C:\Xampp\htdocs\libreria\system\CodeIgniter.php(333): CodeIgniter\CodeIgniter->handleRequest(NULL, Object(Config\Cache), false)
#8 C:\Xampp\htdocs\libreria\public\index.php(44): CodeIgniter\CodeIgniter->run()
#9 {main}
CRITICAL - 2022-02-18 01:27:05 --> syntax error, unexpected token "as", expecting ")"
#0 C:\Xampp\htdocs\libreria\system\View\View.php(222): CodeIgniter\View\View->CodeIgniter\View\{closure}()
#1 C:\Xampp\htdocs\libreria\system\Common.php(1217): CodeIgniter\View\View->render('libros/listar', Array, true)
#2 C:\Xampp\htdocs\libreria\app\Controllers\Libros.php(14): view('libros/listar', Array)
#3 C:\Xampp\htdocs\libreria\system\CodeIgniter.php(936): App\Controllers\Libros->index()
#4 C:\Xampp\htdocs\libreria\system\CodeIgniter.php(432): CodeIgniter\CodeIgniter->runController(Object(App\Controllers\Libros))
#5 C:\Xampp\htdocs\libreria\system\CodeIgniter.php(333): CodeIgniter\CodeIgniter->handleRequest(NULL, Object(Config\Cache), false)
#6 C:\Xampp\htdocs\libreria\public\index.php(44): CodeIgniter\CodeIgniter->run()
#7 {main}
CRITICAL - 2022-02-18 02:22:32 --> Undefined property: App\Controllers\Libros::$reguest
#0 C:\Xampp\htdocs\libreria\app\Controllers\Libros.php(25): CodeIgniter\Debug\Exceptions->errorHandler(2, 'Undefined prope...', 'C:\\Xampp\\htdocs...', 25)
#1 C:\Xampp\htdocs\libreria\system\CodeIgniter.php(936): App\Controllers\Libros->guardar()
#2 C:\Xampp\htdocs\libreria\system\CodeIgniter.php(432): CodeIgniter\CodeIgniter->runController(Object(App\Controllers\Libros))
#3 C:\Xampp\htdocs\libreria\system\CodeIgniter.php(333): CodeIgniter\CodeIgniter->handleRequest(NULL, Object(Config\Cache), false)
#4 C:\Xampp\htdocs\libreria\public\index.php(44): CodeIgniter\CodeIgniter->run()
#5 {main}
CRITICAL - 2022-02-18 02:46:05 --> Allowed fields must be specified for model: App\Models\Libro
#0 C:\Xampp\htdocs\libreria\system\BaseModel.php(1202): CodeIgniter\Database\Exceptions\DataException::forInvalidAllowedFields('App\\Models\\Libr...')
#1 C:\Xampp\htdocs\libreria\system\BaseModel.php(729): CodeIgniter\BaseModel->doProtectFields(Array)
#2 C:\Xampp\htdocs\libreria\system\Model.php(705): CodeIgniter\BaseModel->insert(Array, true)
#3 C:\Xampp\htdocs\libreria\app\Controllers\Libros.php(38): CodeIgniter\Model->insert(Array)
#4 C:\Xampp\htdocs\libreria\system\CodeIgniter.php(936): App\Controllers\Libros->guardar()
#5 C:\Xampp\htdocs\libreria\system\CodeIgniter.php(432): CodeIgniter\CodeIgniter->runController(Object(App\Controllers\Libros))
#6 C:\Xampp\htdocs\libreria\system\CodeIgniter.php(333): CodeIgniter\CodeIgniter->handleRequest(NULL, Object(Config\Cache), false)
#7 C:\Xampp\htdocs\libreria\public\index.php(44): CodeIgniter\CodeIgniter->run()
#8 {main}
CRITICAL - 2022-02-18 02:47:59 --> Allowed fields must be specified for model: App\Models\Libro
#0 C:\Xampp\htdocs\libreria\system\BaseModel.php(1202): CodeIgniter\Database\Exceptions\DataException::forInvalidAllowedFields('App\\Models\\Libr...')
#1 C:\Xampp\htdocs\libreria\system\BaseModel.php(729): CodeIgniter\BaseModel->doProtectFields(Array)
#2 C:\Xampp\htdocs\libreria\system\Model.php(705): CodeIgniter\BaseModel->insert(Array, true)
#3 C:\Xampp\htdocs\libreria\app\Controllers\Libros.php(38): CodeIgniter\Model->insert(Array)
#4 C:\Xampp\htdocs\libreria\system\CodeIgniter.php(936): App\Controllers\Libros->guardar()
#5 C:\Xampp\htdocs\libreria\system\CodeIgniter.php(432): CodeIgniter\CodeIgniter->runController(Object(App\Controllers\Libros))
#6 C:\Xampp\htdocs\libreria\system\CodeIgniter.php(333): CodeIgniter\CodeIgniter->handleRequest(NULL, Object(Config\Cache), false)
#7 C:\Xampp\htdocs\libreria\public\index.php(44): CodeIgniter\CodeIgniter->run()
#8 {main}
CRITICAL - 2022-02-18 02:53:58 --> Undefined variable $datos
#0 C:\Xampp\htdocs\libreria\app\Controllers\Libros.php(21): CodeIgniter\Debug\Exceptions->errorHandler(2, 'Undefined varia...', 'C:\\Xampp\\htdocs...', 21)
#1 C:\Xampp\htdocs\libreria\system\CodeIgniter.php(936): App\Controllers\Libros->crear()
#2 C:\Xampp\htdocs\libreria\system\CodeIgniter.php(432): CodeIgniter\CodeIgniter->runController(Object(App\Controllers\Libros))
#3 C:\Xampp\htdocs\libreria\system\CodeIgniter.php(333): CodeIgniter\CodeIgniter->handleRequest(NULL, Object(Config\Cache), false)
#4 C:\Xampp\htdocs\libreria\public\index.php(44): CodeIgniter\CodeIgniter->run()
#5 {main}
