CRITICAL - 2022-02-17 21:41:59 --> Undefined variable $libros
#0 C:\Xampp\htdocs\libreria\app\Views\libros\listar.php(16): CodeIgniter\Debug\Exceptions->errorHandler(2, 'Undefined varia...', 'C:\\Xampp\\htdocs...', 16)
#1 C:\Xampp\htdocs\libreria\system\View\View.php(220): include('C:\\Xampp\\htdocs...')
#2 C:\Xampp\htdocs\libreria\system\View\View.php(222): CodeIgniter\View\View->CodeIgniter\View\{closure}()
#3 C:\Xampp\htdocs\libreria\system\Common.php(1217): CodeIgniter\View\View->render('libros/listar', Array, true)
#4 C:\Xampp\htdocs\libreria\app\Controllers\Home.php(9): view('libros/listar')
#5 C:\Xampp\htdocs\libreria\system\CodeIgniter.php(936): App\Controllers\Home->index()
#6 C:\Xampp\htdocs\libreria\system\CodeIgniter.php(432): CodeIgniter\CodeIgniter->runController(Object(App\Controllers\Home))
#7 C:\Xampp\htdocs\libreria\system\CodeIgniter.php(333): CodeIgniter\CodeIgniter->handleRequest(NULL, Object(Config\Cache), false)
#8 C:\Xampp\htdocs\libreria\public\index.php(44): CodeIgniter\CodeIgniter->run()
#9 {main}
CRITICAL - 2022-02-17 21:43:41 --> Undefined variable $libros
#0 C:\Xampp\htdocs\libreria\app\Views\libros\listar.php(16): CodeIgniter\Debug\Exceptions->errorHandler(2, 'Undefined varia...', 'C:\\Xampp\\htdocs...', 16)
#1 C:\Xampp\htdocs\libreria\system\View\View.php(220): include('C:\\Xampp\\htdocs...')
#2 C:\Xampp\htdocs\libreria\system\View\View.php(222): CodeIgniter\View\View->CodeIgniter\View\{closure}()
#3 C:\Xampp\htdocs\libreria\system\Common.php(1217): CodeIgniter\View\View->render('libros/listar', Array, true)
#4 C:\Xampp\htdocs\libreria\app\Controllers\Home.php(9): view('libros/listar')
#5 C:\Xampp\htdocs\libreria\system\CodeIgniter.php(936): App\Controllers\Home->index()
#6 C:\Xampp\htdocs\libreria\system\CodeIgniter.php(432): CodeIgniter\CodeIgniter->runController(Object(App\Controllers\Home))
#7 C:\Xampp\htdocs\libreria\system\CodeIgniter.php(333): CodeIgniter\CodeIgniter->handleRequest(NULL, Object(Config\Cache), false)
#8 C:\Xampp\htdocs\libreria\public\index.php(44): CodeIgniter\CodeIgniter->run()
#9 {main}
CRITICAL - 2022-02-17 21:45:06 --> Undefined variable $libros
#0 C:\Xampp\htdocs\libreria\app\Views\libros\listar.php(16): CodeIgniter\Debug\Exceptions->errorHandler(2, 'Undefined varia...', 'C:\\Xampp\\htdocs...', 16)
#1 C:\Xampp\htdocs\libreria\system\View\View.php(220): include('C:\\Xampp\\htdocs...')
#2 C:\Xampp\htdocs\libreria\system\View\View.php(222): CodeIgniter\View\View->CodeIgniter\View\{closure}()
#3 C:\Xampp\htdocs\libreria\system\Common.php(1217): CodeIgniter\View\View->render('libros/listar', Array, true)
#4 C:\Xampp\htdocs\libreria\app\Controllers\Home.php(9): view('libros/listar')
#5 C:\Xampp\htdocs\libreria\system\CodeIgniter.php(936): App\Controllers\Home->index()
#6 C:\Xampp\htdocs\libreria\system\CodeIgniter.php(432): CodeIgniter\CodeIgniter->runController(Object(App\Controllers\Home))
#7 C:\Xampp\htdocs\libreria\system\CodeIgniter.php(333): CodeIgniter\CodeIgniter->handleRequest(NULL, Object(Config\Cache), false)
#8 C:\Xampp\htdocs\libreria\public\index.php(44): CodeIgniter\CodeIgniter->run()
#9 {main}
CRITICAL - 2022-02-17 21:46:40 --> Undefined variable $libros
#0 C:\Xampp\htdocs\libreria\app\Views\libros\listar.php(16): CodeIgniter\Debug\Exceptions->errorHandler(2, 'Undefined varia...', 'C:\\Xampp\\htdocs...', 16)
#1 C:\Xampp\htdocs\libreria\system\View\View.php(220): include('C:\\Xampp\\htdocs...')
#2 C:\Xampp\htdocs\libreria\system\View\View.php(222): CodeIgniter\View\View->CodeIgniter\View\{closure}()
#3 C:\Xampp\htdocs\libreria\system\Common.php(1217): CodeIgniter\View\View->render('libros/listar', Array, true)
#4 C:\Xampp\htdocs\libreria\app\Controllers\Home.php(9): view('libros/listar')
#5 C:\Xampp\htdocs\libreria\system\CodeIgniter.php(936): App\Controllers\Home->index()
#6 C:\Xampp\htdocs\libreria\system\CodeIgniter.php(432): CodeIgniter\CodeIgniter->runController(Object(App\Controllers\Home))
#7 C:\Xampp\htdocs\libreria\system\CodeIgniter.php(333): CodeIgniter\CodeIgniter->handleRequest(NULL, Object(Config\Cache), false)
#8 C:\Xampp\htdocs\libreria\public\index.php(44): CodeIgniter\CodeIgniter->run()
#9 {main}
CRITICAL - 2022-02-17 21:48:14 --> Undefined variable $libros
#0 C:\Xampp\htdocs\libreria\app\Views\libros\listar.php(16): CodeIgniter\Debug\Exceptions->errorHandler(2, 'Undefined varia...', 'C:\\Xampp\\htdocs...', 16)
#1 C:\Xampp\htdocs\libreria\system\View\View.php(220): include('C:\\Xampp\\htdocs...')
#2 C:\Xampp\htdocs\libreria\system\View\View.php(222): CodeIgniter\View\View->CodeIgniter\View\{closure}()
#3 C:\Xampp\htdocs\libreria\system\Common.php(1217): CodeIgniter\View\View->render('libros/listar', Array, true)
#4 C:\Xampp\htdocs\libreria\app\Controllers\Home.php(9): view('libros/listar')
#5 C:\Xampp\htdocs\libreria\system\CodeIgniter.php(936): App\Controllers\Home->index()
#6 C:\Xampp\htdocs\libreria\system\CodeIgniter.php(432): CodeIgniter\CodeIgniter->runController(Object(App\Controllers\Home))
#7 C:\Xampp\htdocs\libreria\system\CodeIgniter.php(333): CodeIgniter\CodeIgniter->handleRequest(NULL, Object(Config\Cache), false)
#8 C:\Xampp\htdocs\libreria\public\index.php(44): CodeIgniter\CodeIgniter->run()
#9 {main}
CRITICAL - 2022-02-17 21:52:47 --> Undefined variable $libros
#0 C:\Xampp\htdocs\libreria\app\Views\libros\listar.php(16): CodeIgniter\Debug\Exceptions->errorHandler(2, 'Undefined varia...', 'C:\\Xampp\\htdocs...', 16)
#1 C:\Xampp\htdocs\libreria\system\View\View.php(220): include('C:\\Xampp\\htdocs...')
#2 C:\Xampp\htdocs\libreria\system\View\View.php(222): CodeIgniter\View\View->CodeIgniter\View\{closure}()
#3 C:\Xampp\htdocs\libreria\system\Common.php(1217): CodeIgniter\View\View->render('libros/listar', Array, true)
#4 C:\Xampp\htdocs\libreria\app\Controllers\Home.php(9): view('libros/listar')
#5 C:\Xampp\htdocs\libreria\system\CodeIgniter.php(936): App\Controllers\Home->index()
#6 C:\Xampp\htdocs\libreria\system\CodeIgniter.php(432): CodeIgniter\CodeIgniter->runController(Object(App\Controllers\Home))
#7 C:\Xampp\htdocs\libreria\system\CodeIgniter.php(333): CodeIgniter\CodeIgniter->handleRequest(NULL, Object(Config\Cache), false)
#8 C:\Xampp\htdocs\libreria\public\index.php(44): CodeIgniter\CodeIgniter->run()
#9 {main}
CRITICAL - 2022-02-17 21:54:06 --> Undefined variable $libros
#0 C:\Xampp\htdocs\libreria\app\Views\libros\listar.php(16): CodeIgniter\Debug\Exceptions->errorHandler(2, 'Undefined varia...', 'C:\\Xampp\\htdocs...', 16)
#1 C:\Xampp\htdocs\libreria\system\View\View.php(220): include('C:\\Xampp\\htdocs...')
#2 C:\Xampp\htdocs\libreria\system\View\View.php(222): CodeIgniter\View\View->CodeIgniter\View\{closure}()
#3 C:\Xampp\htdocs\libreria\system\Common.php(1217): CodeIgniter\View\View->render('libros/listar', Array, true)
#4 C:\Xampp\htdocs\libreria\app\Controllers\Home.php(9): view('libros/listar')
#5 C:\Xampp\htdocs\libreria\system\CodeIgniter.php(936): App\Controllers\Home->index()
#6 C:\Xampp\htdocs\libreria\system\CodeIgniter.php(432): CodeIgniter\CodeIgniter->runController(Object(App\Controllers\Home))
#7 C:\Xampp\htdocs\libreria\system\CodeIgniter.php(333): CodeIgniter\CodeIgniter->handleRequest(NULL, Object(Config\Cache), false)
#8 C:\Xampp\htdocs\libreria\public\index.php(44): CodeIgniter\CodeIgniter->run()
#9 {main}
CRITICAL - 2022-02-17 21:54:24 --> Undefined variable $libros
#0 C:\Xampp\htdocs\libreria\app\Views\libros\listar.php(16): CodeIgniter\Debug\Exceptions->errorHandler(2, 'Undefined varia...', 'C:\\Xampp\\htdocs...', 16)
#1 C:\Xampp\htdocs\libreria\system\View\View.php(220): include('C:\\Xampp\\htdocs...')
#2 C:\Xampp\htdocs\libreria\system\View\View.php(222): CodeIgniter\View\View->CodeIgniter\View\{closure}()
#3 C:\Xampp\htdocs\libreria\system\Common.php(1217): CodeIgniter\View\View->render('libros/listar', Array, true)
#4 C:\Xampp\htdocs\libreria\app\Controllers\Home.php(9): view('libros/listar')
#5 C:\Xampp\htdocs\libreria\system\CodeIgniter.php(936): App\Controllers\Home->index()
#6 C:\Xampp\htdocs\libreria\system\CodeIgniter.php(432): CodeIgniter\CodeIgniter->runController(Object(App\Controllers\Home))
#7 C:\Xampp\htdocs\libreria\system\CodeIgniter.php(333): CodeIgniter\CodeIgniter->handleRequest(NULL, Object(Config\Cache), false)
#8 C:\Xampp\htdocs\libreria\public\index.php(44): CodeIgniter\CodeIgniter->run()
#9 {main}
CRITICAL - 2022-02-17 21:54:24 --> Undefined variable $libros
#0 C:\Xampp\htdocs\libreria\app\Views\libros\listar.php(16): CodeIgniter\Debug\Exceptions->errorHandler(2, 'Undefined varia...', 'C:\\Xampp\\htdocs...', 16)
#1 C:\Xampp\htdocs\libreria\system\View\View.php(220): include('C:\\Xampp\\htdocs...')
#2 C:\Xampp\htdocs\libreria\system\View\View.php(222): CodeIgniter\View\View->CodeIgniter\View\{closure}()
#3 C:\Xampp\htdocs\libreria\system\Common.php(1217): CodeIgniter\View\View->render('libros/listar', Array, true)
#4 C:\Xampp\htdocs\libreria\app\Controllers\Home.php(9): view('libros/listar')
#5 C:\Xampp\htdocs\libreria\system\CodeIgniter.php(936): App\Controllers\Home->index()
#6 C:\Xampp\htdocs\libreria\system\CodeIgniter.php(432): CodeIgniter\CodeIgniter->runController(Object(App\Controllers\Home))
#7 C:\Xampp\htdocs\libreria\system\CodeIgniter.php(333): CodeIgniter\CodeIgniter->handleRequest(NULL, Object(Config\Cache), false)
#8 C:\Xampp\htdocs\libreria\public\index.php(44): CodeIgniter\CodeIgniter->run()
#9 {main}
CRITICAL - 2022-02-17 21:54:25 --> Undefined variable $libros
#0 C:\Xampp\htdocs\libreria\app\Views\libros\listar.php(16): CodeIgniter\Debug\Exceptions->errorHandler(2, 'Undefined varia...', 'C:\\Xampp\\htdocs...', 16)
#1 C:\Xampp\htdocs\libreria\system\View\View.php(220): include('C:\\Xampp\\htdocs...')
#2 C:\Xampp\htdocs\libreria\system\View\View.php(222): CodeIgniter\View\View->CodeIgniter\View\{closure}()
#3 C:\Xampp\htdocs\libreria\system\Common.php(1217): CodeIgniter\View\View->render('libros/listar', Array, true)
#4 C:\Xampp\htdocs\libreria\app\Controllers\Home.php(9): view('libros/listar')
#5 C:\Xampp\htdocs\libreria\system\CodeIgniter.php(936): App\Controllers\Home->index()
#6 C:\Xampp\htdocs\libreria\system\CodeIgniter.php(432): CodeIgniter\CodeIgniter->runController(Object(App\Controllers\Home))
#7 C:\Xampp\htdocs\libreria\system\CodeIgniter.php(333): CodeIgniter\CodeIgniter->handleRequest(NULL, Object(Config\Cache), false)
#8 C:\Xampp\htdocs\libreria\public\index.php(44): CodeIgniter\CodeIgniter->run()
#9 {main}
CRITICAL - 2022-02-17 21:54:25 --> Undefined variable $libros
#0 C:\Xampp\htdocs\libreria\app\Views\libros\listar.php(16): CodeIgniter\Debug\Exceptions->errorHandler(2, 'Undefined varia...', 'C:\\Xampp\\htdocs...', 16)
#1 C:\Xampp\htdocs\libreria\system\View\View.php(220): include('C:\\Xampp\\htdocs...')
#2 C:\Xampp\htdocs\libreria\system\View\View.php(222): CodeIgniter\View\View->CodeIgniter\View\{closure}()
#3 C:\Xampp\htdocs\libreria\system\Common.php(1217): CodeIgniter\View\View->render('libros/listar', Array, true)
#4 C:\Xampp\htdocs\libreria\app\Controllers\Home.php(9): view('libros/listar')
#5 C:\Xampp\htdocs\libreria\system\CodeIgniter.php(936): App\Controllers\Home->index()
#6 C:\Xampp\htdocs\libreria\system\CodeIgniter.php(432): CodeIgniter\CodeIgniter->runController(Object(App\Controllers\Home))
#7 C:\Xampp\htdocs\libreria\system\CodeIgniter.php(333): CodeIgniter\CodeIgniter->handleRequest(NULL, Object(Config\Cache), false)
#8 C:\Xampp\htdocs\libreria\public\index.php(44): CodeIgniter\CodeIgniter->run()
#9 {main}
CRITICAL - 2022-02-17 21:57:05 --> Undefined variable $libros
#0 C:\Xampp\htdocs\libreria\app\Views\libros\listar.php(16): CodeIgniter\Debug\Exceptions->errorHandler(2, 'Undefined varia...', 'C:\\Xampp\\htdocs...', 16)
#1 C:\Xampp\htdocs\libreria\system\View\View.php(220): include('C:\\Xampp\\htdocs...')
#2 C:\Xampp\htdocs\libreria\system\View\View.php(222): CodeIgniter\View\View->CodeIgniter\View\{closure}()
#3 C:\Xampp\htdocs\libreria\system\Common.php(1217): CodeIgniter\View\View->render('libros/listar', Array, true)
#4 C:\Xampp\htdocs\libreria\app\Controllers\Home.php(9): view('libros/listar')
#5 C:\Xampp\htdocs\libreria\system\CodeIgniter.php(936): App\Controllers\Home->index()
#6 C:\Xampp\htdocs\libreria\system\CodeIgniter.php(432): CodeIgniter\CodeIgniter->runController(Object(App\Controllers\Home))
#7 C:\Xampp\htdocs\libreria\system\CodeIgniter.php(333): CodeIgniter\CodeIgniter->handleRequest(NULL, Object(Config\Cache), false)
#8 C:\Xampp\htdocs\libreria\public\index.php(44): CodeIgniter\CodeIgniter->run()
#9 {main}
CRITICAL - 2022-02-17 21:58:46 --> Undefined variable $libros
#0 C:\Xampp\htdocs\libreria\app\Views\libros\listar.php(16): CodeIgniter\Debug\Exceptions->errorHandler(2, 'Undefined varia...', 'C:\\Xampp\\htdocs...', 16)
#1 C:\Xampp\htdocs\libreria\system\View\View.php(220): include('C:\\Xampp\\htdocs...')
#2 C:\Xampp\htdocs\libreria\system\View\View.php(222): CodeIgniter\View\View->CodeIgniter\View\{closure}()
#3 C:\Xampp\htdocs\libreria\system\Common.php(1217): CodeIgniter\View\View->render('libros/listar', Array, true)
#4 C:\Xampp\htdocs\libreria\app\Controllers\Home.php(9): view('libros/listar')
#5 C:\Xampp\htdocs\libreria\system\CodeIgniter.php(936): App\Controllers\Home->index()
#6 C:\Xampp\htdocs\libreria\system\CodeIgniter.php(432): CodeIgniter\CodeIgniter->runController(Object(App\Controllers\Home))
#7 C:\Xampp\htdocs\libreria\system\CodeIgniter.php(333): CodeIgniter\CodeIgniter->handleRequest(NULL, Object(Config\Cache), false)
#8 C:\Xampp\htdocs\libreria\public\index.php(44): CodeIgniter\CodeIgniter->run()
#9 {main}
CRITICAL - 2022-02-17 21:58:48 --> Undefined variable $libros
#0 C:\Xampp\htdocs\libreria\app\Views\libros\listar.php(16): CodeIgniter\Debug\Exceptions->errorHandler(2, 'Undefined varia...', 'C:\\Xampp\\htdocs...', 16)
#1 C:\Xampp\htdocs\libreria\system\View\View.php(220): include('C:\\Xampp\\htdocs...')
#2 C:\Xampp\htdocs\libreria\system\View\View.php(222): CodeIgniter\View\View->CodeIgniter\View\{closure}()
#3 C:\Xampp\htdocs\libreria\system\Common.php(1217): CodeIgniter\View\View->render('libros/listar', Array, true)
#4 C:\Xampp\htdocs\libreria\app\Controllers\Home.php(9): view('libros/listar')
#5 C:\Xampp\htdocs\libreria\system\CodeIgniter.php(936): App\Controllers\Home->index()
#6 C:\Xampp\htdocs\libreria\system\CodeIgniter.php(432): CodeIgniter\CodeIgniter->runController(Object(App\Controllers\Home))
#7 C:\Xampp\htdocs\libreria\system\CodeIgniter.php(333): CodeIgniter\CodeIgniter->handleRequest(NULL, Object(Config\Cache), false)
#8 C:\Xampp\htdocs\libreria\public\index.php(44): CodeIgniter\CodeIgniter->run()
#9 {main}
CRITICAL - 2022-02-17 21:58:48 --> Undefined variable $libros
#0 C:\Xampp\htdocs\libreria\app\Views\libros\listar.php(16): CodeIgniter\Debug\Exceptions->errorHandler(2, 'Undefined varia...', 'C:\\Xampp\\htdocs...', 16)
#1 C:\Xampp\htdocs\libreria\system\View\View.php(220): include('C:\\Xampp\\htdocs...')
#2 C:\Xampp\htdocs\libreria\system\View\View.php(222): CodeIgniter\View\View->CodeIgniter\View\{closure}()
#3 C:\Xampp\htdocs\libreria\system\Common.php(1217): CodeIgniter\View\View->render('libros/listar', Array, true)
#4 C:\Xampp\htdocs\libreria\app\Controllers\Home.php(9): view('libros/listar')
#5 C:\Xampp\htdocs\libreria\system\CodeIgniter.php(936): App\Controllers\Home->index()
#6 C:\Xampp\htdocs\libreria\system\CodeIgniter.php(432): CodeIgniter\CodeIgniter->runController(Object(App\Controllers\Home))
#7 C:\Xampp\htdocs\libreria\system\CodeIgniter.php(333): CodeIgniter\CodeIgniter->handleRequest(NULL, Object(Config\Cache), false)
#8 C:\Xampp\htdocs\libreria\public\index.php(44): CodeIgniter\CodeIgniter->run()
#9 {main}
CRITICAL - 2022-02-17 21:58:48 --> Undefined variable $libros
#0 C:\Xampp\htdocs\libreria\app\Views\libros\listar.php(16): CodeIgniter\Debug\Exceptions->errorHandler(2, 'Undefined varia...', 'C:\\Xampp\\htdocs...', 16)
#1 C:\Xampp\htdocs\libreria\system\View\View.php(220): include('C:\\Xampp\\htdocs...')
#2 C:\Xampp\htdocs\libreria\system\View\View.php(222): CodeIgniter\View\View->CodeIgniter\View\{closure}()
#3 C:\Xampp\htdocs\libreria\system\Common.php(1217): CodeIgniter\View\View->render('libros/listar', Array, true)
#4 C:\Xampp\htdocs\libreria\app\Controllers\Home.php(9): view('libros/listar')
#5 C:\Xampp\htdocs\libreria\system\CodeIgniter.php(936): App\Controllers\Home->index()
#6 C:\Xampp\htdocs\libreria\system\CodeIgniter.php(432): CodeIgniter\CodeIgniter->runController(Object(App\Controllers\Home))
#7 C:\Xampp\htdocs\libreria\system\CodeIgniter.php(333): CodeIgniter\CodeIgniter->handleRequest(NULL, Object(Config\Cache), false)
#8 C:\Xampp\htdocs\libreria\public\index.php(44): CodeIgniter\CodeIgniter->run()
#9 {main}
CRITICAL - 2022-02-17 22:00:33 --> Undefined variable $libros
#0 C:\Xampp\htdocs\libreria\app\Views\libros\listar.php(16): CodeIgniter\Debug\Exceptions->errorHandler(2, 'Undefined varia...', 'C:\\Xampp\\htdocs...', 16)
#1 C:\Xampp\htdocs\libreria\system\View\View.php(220): include('C:\\Xampp\\htdocs...')
#2 C:\Xampp\htdocs\libreria\system\View\View.php(222): CodeIgniter\View\View->CodeIgniter\View\{closure}()
#3 C:\Xampp\htdocs\libreria\system\Common.php(1217): CodeIgniter\View\View->render('libros/listar', Array, true)
#4 C:\Xampp\htdocs\libreria\app\Controllers\Home.php(9): view('libros/listar')
#5 C:\Xampp\htdocs\libreria\system\CodeIgniter.php(936): App\Controllers\Home->index()
#6 C:\Xampp\htdocs\libreria\system\CodeIgniter.php(432): CodeIgniter\CodeIgniter->runController(Object(App\Controllers\Home))
#7 C:\Xampp\htdocs\libreria\system\CodeIgniter.php(333): CodeIgniter\CodeIgniter->handleRequest(NULL, Object(Config\Cache), false)
#8 C:\Xampp\htdocs\libreria\public\index.php(44): CodeIgniter\CodeIgniter->run()
#9 {main}
CRITICAL - 2022-02-17 22:03:33 --> Undefined variable $libros
#0 C:\Xampp\htdocs\libreria\app\Views\libros\listar.php(16): CodeIgniter\Debug\Exceptions->errorHandler(2, 'Undefined varia...', 'C:\\Xampp\\htdocs...', 16)
#1 C:\Xampp\htdocs\libreria\system\View\View.php(220): include('C:\\Xampp\\htdocs...')
#2 C:\Xampp\htdocs\libreria\system\View\View.php(222): CodeIgniter\View\View->CodeIgniter\View\{closure}()
#3 C:\Xampp\htdocs\libreria\system\Common.php(1217): CodeIgniter\View\View->render('libros/listar', Array, true)
#4 C:\Xampp\htdocs\libreria\app\Controllers\Home.php(9): view('libros/listar')
#5 C:\Xampp\htdocs\libreria\system\CodeIgniter.php(936): App\Controllers\Home->index()
#6 C:\Xampp\htdocs\libreria\system\CodeIgniter.php(432): CodeIgniter\CodeIgniter->runController(Object(App\Controllers\Home))
#7 C:\Xampp\htdocs\libreria\system\CodeIgniter.php(333): CodeIgniter\CodeIgniter->handleRequest(NULL, Object(Config\Cache), false)
#8 C:\Xampp\htdocs\libreria\public\index.php(44): CodeIgniter\CodeIgniter->run()
#9 {main}
CRITICAL - 2022-02-17 22:04:24 --> Undefined variable $libros
#0 C:\Xampp\htdocs\libreria\app\Views\libros\listar.php(16): CodeIgniter\Debug\Exceptions->errorHandler(2, 'Undefined varia...', 'C:\\Xampp\\htdocs...', 16)
#1 C:\Xampp\htdocs\libreria\system\View\View.php(220): include('C:\\Xampp\\htdocs...')
#2 C:\Xampp\htdocs\libreria\system\View\View.php(222): CodeIgniter\View\View->CodeIgniter\View\{closure}()
#3 C:\Xampp\htdocs\libreria\system\Common.php(1217): CodeIgniter\View\View->render('libros/listar', Array, true)
#4 C:\Xampp\htdocs\libreria\app\Controllers\Home.php(9): view('libros/listar')
#5 C:\Xampp\htdocs\libreria\system\CodeIgniter.php(936): App\Controllers\Home->index()
#6 C:\Xampp\htdocs\libreria\system\CodeIgniter.php(432): CodeIgniter\CodeIgniter->runController(Object(App\Controllers\Home))
#7 C:\Xampp\htdocs\libreria\system\CodeIgniter.php(333): CodeIgniter\CodeIgniter->handleRequest(NULL, Object(Config\Cache), false)
#8 C:\Xampp\htdocs\libreria\public\index.php(44): CodeIgniter\CodeIgniter->run()
#9 {main}
CRITICAL - 2022-02-17 22:05:05 --> Undefined variable $libros
#0 C:\Xampp\htdocs\libreria\app\Views\libros\listar.php(16): CodeIgniter\Debug\Exceptions->errorHandler(2, 'Undefined varia...', 'C:\\Xampp\\htdocs...', 16)
#1 C:\Xampp\htdocs\libreria\system\View\View.php(220): include('C:\\Xampp\\htdocs...')
#2 C:\Xampp\htdocs\libreria\system\View\View.php(222): CodeIgniter\View\View->CodeIgniter\View\{closure}()
#3 C:\Xampp\htdocs\libreria\system\Common.php(1217): CodeIgniter\View\View->render('libros/listar', Array, true)
#4 C:\Xampp\htdocs\libreria\app\Controllers\Home.php(9): view('libros/listar')
#5 C:\Xampp\htdocs\libreria\system\CodeIgniter.php(936): App\Controllers\Home->index()
#6 C:\Xampp\htdocs\libreria\system\CodeIgniter.php(432): CodeIgniter\CodeIgniter->runController(Object(App\Controllers\Home))
#7 C:\Xampp\htdocs\libreria\system\CodeIgniter.php(333): CodeIgniter\CodeIgniter->handleRequest(NULL, Object(Config\Cache), false)
#8 C:\Xampp\htdocs\libreria\public\index.php(44): CodeIgniter\CodeIgniter->run()
#9 {main}
CRITICAL - 2022-02-17 22:07:09 --> Undefined variable $libros
#0 C:\Xampp\htdocs\libreria\app\Views\libros\listar.php(16): CodeIgniter\Debug\Exceptions->errorHandler(2, 'Undefined varia...', 'C:\\Xampp\\htdocs...', 16)
#1 C:\Xampp\htdocs\libreria\system\View\View.php(220): include('C:\\Xampp\\htdocs...')
#2 C:\Xampp\htdocs\libreria\system\View\View.php(222): CodeIgniter\View\View->CodeIgniter\View\{closure}()
#3 C:\Xampp\htdocs\libreria\system\Common.php(1217): CodeIgniter\View\View->render('libros/listar', Array, true)
#4 C:\Xampp\htdocs\libreria\app\Controllers\Home.php(9): view('libros/listar')
#5 C:\Xampp\htdocs\libreria\system\CodeIgniter.php(936): App\Controllers\Home->index()
#6 C:\Xampp\htdocs\libreria\system\CodeIgniter.php(432): CodeIgniter\CodeIgniter->runController(Object(App\Controllers\Home))
#7 C:\Xampp\htdocs\libreria\system\CodeIgniter.php(333): CodeIgniter\CodeIgniter->handleRequest(NULL, Object(Config\Cache), false)
#8 C:\Xampp\htdocs\libreria\public\index.php(44): CodeIgniter\CodeIgniter->run()
#9 {main}
CRITICAL - 2022-02-17 22:18:57 --> Undefined variable $libros
#0 C:\Xampp\htdocs\libreria\app\Views\libros\listar.php(16): CodeIgniter\Debug\Exceptions->errorHandler(2, 'Undefined varia...', 'C:\\Xampp\\htdocs...', 16)
#1 C:\Xampp\htdocs\libreria\system\View\View.php(220): include('C:\\Xampp\\htdocs...')
#2 C:\Xampp\htdocs\libreria\system\View\View.php(222): CodeIgniter\View\View->CodeIgniter\View\{closure}()
#3 C:\Xampp\htdocs\libreria\system\Common.php(1217): CodeIgniter\View\View->render('libros/listar', Array, true)
#4 C:\Xampp\htdocs\libreria\app\Controllers\Home.php(9): view('libros/listar')
#5 C:\Xampp\htdocs\libreria\system\CodeIgniter.php(936): App\Controllers\Home->index()
#6 C:\Xampp\htdocs\libreria\system\CodeIgniter.php(432): CodeIgniter\CodeIgniter->runController(Object(App\Controllers\Home))
#7 C:\Xampp\htdocs\libreria\system\CodeIgniter.php(333): CodeIgniter\CodeIgniter->handleRequest(NULL, Object(Config\Cache), false)
#8 C:\Xampp\htdocs\libreria\public\index.php(44): CodeIgniter\CodeIgniter->run()
#9 {main}
CRITICAL - 2022-02-17 22:20:23 --> Undefined variable $libros
#0 C:\Xampp\htdocs\libreria\app\Views\libros\listar.php(16): CodeIgniter\Debug\Exceptions->errorHandler(2, 'Undefined varia...', 'C:\\Xampp\\htdocs...', 16)
#1 C:\Xampp\htdocs\libreria\system\View\View.php(220): include('C:\\Xampp\\htdocs...')
#2 C:\Xampp\htdocs\libreria\system\View\View.php(222): CodeIgniter\View\View->CodeIgniter\View\{closure}()
#3 C:\Xampp\htdocs\libreria\system\Common.php(1217): CodeIgniter\View\View->render('libros/listar', Array, true)
#4 C:\Xampp\htdocs\libreria\app\Controllers\Home.php(9): view('libros/listar')
#5 C:\Xampp\htdocs\libreria\system\CodeIgniter.php(936): App\Controllers\Home->index()
#6 C:\Xampp\htdocs\libreria\system\CodeIgniter.php(432): CodeIgniter\CodeIgniter->runController(Object(App\Controllers\Home))
#7 C:\Xampp\htdocs\libreria\system\CodeIgniter.php(333): CodeIgniter\CodeIgniter->handleRequest(NULL, Object(Config\Cache), false)
#8 C:\Xampp\htdocs\libreria\public\index.php(44): CodeIgniter\CodeIgniter->run()
#9 {main}
CRITICAL - 2022-02-17 22:20:25 --> Undefined variable $libros
#0 C:\Xampp\htdocs\libreria\app\Views\libros\listar.php(16): CodeIgniter\Debug\Exceptions->errorHandler(2, 'Undefined varia...', 'C:\\Xampp\\htdocs...', 16)
#1 C:\Xampp\htdocs\libreria\system\View\View.php(220): include('C:\\Xampp\\htdocs...')
#2 C:\Xampp\htdocs\libreria\system\View\View.php(222): CodeIgniter\View\View->CodeIgniter\View\{closure}()
#3 C:\Xampp\htdocs\libreria\system\Common.php(1217): CodeIgniter\View\View->render('libros/listar', Array, true)
#4 C:\Xampp\htdocs\libreria\app\Controllers\Home.php(9): view('libros/listar')
#5 C:\Xampp\htdocs\libreria\system\CodeIgniter.php(936): App\Controllers\Home->index()
#6 C:\Xampp\htdocs\libreria\system\CodeIgniter.php(432): CodeIgniter\CodeIgniter->runController(Object(App\Controllers\Home))
#7 C:\Xampp\htdocs\libreria\system\CodeIgniter.php(333): CodeIgniter\CodeIgniter->handleRequest(NULL, Object(Config\Cache), false)
#8 C:\Xampp\htdocs\libreria\public\index.php(44): CodeIgniter\CodeIgniter->run()
#9 {main}
CRITICAL - 2022-02-17 22:22:21 --> Undefined variable $libro
#0 C:\Xampp\htdocs\libreria\app\Views\libros\listar.php(16): CodeIgniter\Debug\Exceptions->errorHandler(2, 'Undefined varia...', 'C:\\Xampp\\htdocs...', 16)
#1 C:\Xampp\htdocs\libreria\system\View\View.php(220): include('C:\\Xampp\\htdocs...')
#2 C:\Xampp\htdocs\libreria\system\View\View.php(222): CodeIgniter\View\View->CodeIgniter\View\{closure}()
#3 C:\Xampp\htdocs\libreria\system\Common.php(1217): CodeIgniter\View\View->render('libros/listar', Array, true)
#4 C:\Xampp\htdocs\libreria\app\Controllers\Home.php(9): view('libros/listar')
#5 C:\Xampp\htdocs\libreria\system\CodeIgniter.php(936): App\Controllers\Home->index()
#6 C:\Xampp\htdocs\libreria\system\CodeIgniter.php(432): CodeIgniter\CodeIgniter->runController(Object(App\Controllers\Home))
#7 C:\Xampp\htdocs\libreria\system\CodeIgniter.php(333): CodeIgniter\CodeIgniter->handleRequest(NULL, Object(Config\Cache), false)
#8 C:\Xampp\htdocs\libreria\public\index.php(44): CodeIgniter\CodeIgniter->run()
#9 {main}
CRITICAL - 2022-02-17 22:22:36 --> Undefined variable $Libros
#0 C:\Xampp\htdocs\libreria\app\Views\libros\listar.php(16): CodeIgniter\Debug\Exceptions->errorHandler(2, 'Undefined varia...', 'C:\\Xampp\\htdocs...', 16)
#1 C:\Xampp\htdocs\libreria\system\View\View.php(220): include('C:\\Xampp\\htdocs...')
#2 C:\Xampp\htdocs\libreria\system\View\View.php(222): CodeIgniter\View\View->CodeIgniter\View\{closure}()
#3 C:\Xampp\htdocs\libreria\system\Common.php(1217): CodeIgniter\View\View->render('libros/listar', Array, true)
#4 C:\Xampp\htdocs\libreria\app\Controllers\Home.php(9): view('libros/listar')
#5 C:\Xampp\htdocs\libreria\system\CodeIgniter.php(936): App\Controllers\Home->index()
#6 C:\Xampp\htdocs\libreria\system\CodeIgniter.php(432): CodeIgniter\CodeIgniter->runController(Object(App\Controllers\Home))
#7 C:\Xampp\htdocs\libreria\system\CodeIgniter.php(333): CodeIgniter\CodeIgniter->handleRequest(NULL, Object(Config\Cache), false)
#8 C:\Xampp\htdocs\libreria\public\index.php(44): CodeIgniter\CodeIgniter->run()
#9 {main}
CRITICAL - 2022-02-17 22:23:34 --> Undefined variable $libro
#0 C:\Xampp\htdocs\libreria\app\Views\libros\listar.php(16): CodeIgniter\Debug\Exceptions->errorHandler(2, 'Undefined varia...', 'C:\\Xampp\\htdocs...', 16)
#1 C:\Xampp\htdocs\libreria\system\View\View.php(220): include('C:\\Xampp\\htdocs...')
#2 C:\Xampp\htdocs\libreria\system\View\View.php(222): CodeIgniter\View\View->CodeIgniter\View\{closure}()
#3 C:\Xampp\htdocs\libreria\system\Common.php(1217): CodeIgniter\View\View->render('libros/listar', Array, true)
#4 C:\Xampp\htdocs\libreria\app\Controllers\Home.php(9): view('libros/listar')
#5 C:\Xampp\htdocs\libreria\system\CodeIgniter.php(936): App\Controllers\Home->index()
#6 C:\Xampp\htdocs\libreria\system\CodeIgniter.php(432): CodeIgniter\CodeIgniter->runController(Object(App\Controllers\Home))
#7 C:\Xampp\htdocs\libreria\system\CodeIgniter.php(333): CodeIgniter\CodeIgniter->handleRequest(NULL, Object(Config\Cache), false)
#8 C:\Xampp\htdocs\libreria\public\index.php(44): CodeIgniter\CodeIgniter->run()
#9 {main}
CRITICAL - 2022-02-17 22:24:01 --> Undefined variable $libros
#0 C:\Xampp\htdocs\libreria\app\Views\libros\listar.php(16): CodeIgniter\Debug\Exceptions->errorHandler(2, 'Undefined varia...', 'C:\\Xampp\\htdocs...', 16)
#1 C:\Xampp\htdocs\libreria\system\View\View.php(220): include('C:\\Xampp\\htdocs...')
#2 C:\Xampp\htdocs\libreria\system\View\View.php(222): CodeIgniter\View\View->CodeIgniter\View\{closure}()
#3 C:\Xampp\htdocs\libreria\system\Common.php(1217): CodeIgniter\View\View->render('libros/listar', Array, true)
#4 C:\Xampp\htdocs\libreria\app\Controllers\Home.php(9): view('libros/listar')
#5 C:\Xampp\htdocs\libreria\system\CodeIgniter.php(936): App\Controllers\Home->index()
#6 C:\Xampp\htdocs\libreria\system\CodeIgniter.php(432): CodeIgniter\CodeIgniter->runController(Object(App\Controllers\Home))
#7 C:\Xampp\htdocs\libreria\system\CodeIgniter.php(333): CodeIgniter\CodeIgniter->handleRequest(NULL, Object(Config\Cache), false)
#8 C:\Xampp\htdocs\libreria\public\index.php(44): CodeIgniter\CodeIgniter->run()
#9 {main}
CRITICAL - 2022-02-17 22:27:27 --> Undefined variable $libros
#0 C:\Xampp\htdocs\libreria\app\Views\libros\listar.php(16): CodeIgniter\Debug\Exceptions->errorHandler(2, 'Undefined varia...', 'C:\\Xampp\\htdocs...', 16)
#1 C:\Xampp\htdocs\libreria\system\View\View.php(220): include('C:\\Xampp\\htdocs...')
#2 C:\Xampp\htdocs\libreria\system\View\View.php(222): CodeIgniter\View\View->CodeIgniter\View\{closure}()
#3 C:\Xampp\htdocs\libreria\system\Common.php(1217): CodeIgniter\View\View->render('libros/listar', Array, true)
#4 C:\Xampp\htdocs\libreria\app\Controllers\Home.php(9): view('libros/listar')
#5 C:\Xampp\htdocs\libreria\system\CodeIgniter.php(936): App\Controllers\Home->index()
#6 C:\Xampp\htdocs\libreria\system\CodeIgniter.php(432): CodeIgniter\CodeIgniter->runController(Object(App\Controllers\Home))
#7 C:\Xampp\htdocs\libreria\system\CodeIgniter.php(333): CodeIgniter\CodeIgniter->handleRequest(NULL, Object(Config\Cache), false)
#8 C:\Xampp\htdocs\libreria\public\index.php(44): CodeIgniter\CodeIgniter->run()
#9 {main}
CRITICAL - 2022-02-17 22:36:32 --> Undefined variable $libros
#0 C:\Xampp\htdocs\libreria\app\Views\libros\listar.php(14): CodeIgniter\Debug\Exceptions->errorHandler(2, 'Undefined varia...', 'C:\\Xampp\\htdocs...', 14)
#1 C:\Xampp\htdocs\libreria\system\View\View.php(220): include('C:\\Xampp\\htdocs...')
#2 C:\Xampp\htdocs\libreria\system\View\View.php(222): CodeIgniter\View\View->CodeIgniter\View\{closure}()
#3 C:\Xampp\htdocs\libreria\system\Common.php(1217): CodeIgniter\View\View->render('libros/listar', Array, true)
#4 C:\Xampp\htdocs\libreria\app\Controllers\Home.php(9): view('libros/listar')
#5 C:\Xampp\htdocs\libreria\system\CodeIgniter.php(936): App\Controllers\Home->index()
#6 C:\Xampp\htdocs\libreria\system\CodeIgniter.php(432): CodeIgniter\CodeIgniter->runController(Object(App\Controllers\Home))
#7 C:\Xampp\htdocs\libreria\system\CodeIgniter.php(333): CodeIgniter\CodeIgniter->handleRequest(NULL, Object(Config\Cache), false)
#8 C:\Xampp\htdocs\libreria\public\index.php(44): CodeIgniter\CodeIgniter->run()
#9 {main}
CRITICAL - 2022-02-17 22:38:33 --> Undefined variable $libros
#0 C:\Xampp\htdocs\libreria\app\Views\libros\listar.php(14): CodeIgniter\Debug\Exceptions->errorHandler(2, 'Undefined varia...', 'C:\\Xampp\\htdocs...', 14)
#1 C:\Xampp\htdocs\libreria\system\View\View.php(220): include('C:\\Xampp\\htdocs...')
#2 C:\Xampp\htdocs\libreria\system\View\View.php(222): CodeIgniter\View\View->CodeIgniter\View\{closure}()
#3 C:\Xampp\htdocs\libreria\system\Common.php(1217): CodeIgniter\View\View->render('libros/listar', Array, true)
#4 C:\Xampp\htdocs\libreria\app\Controllers\Home.php(9): view('libros/listar')
#5 C:\Xampp\htdocs\libreria\system\CodeIgniter.php(936): App\Controllers\Home->index()
#6 C:\Xampp\htdocs\libreria\system\CodeIgniter.php(432): CodeIgniter\CodeIgniter->runController(Object(App\Controllers\Home))
#7 C:\Xampp\htdocs\libreria\system\CodeIgniter.php(333): CodeIgniter\CodeIgniter->handleRequest(NULL, Object(Config\Cache), false)
#8 C:\Xampp\htdocs\libreria\public\index.php(44): CodeIgniter\CodeIgniter->run()
#9 {main}
CRITICAL - 2022-02-17 22:40:16 --> Undefined variable $libros
#0 C:\Xampp\htdocs\libreria\app\Views\libros\listar.php(14): CodeIgniter\Debug\Exceptions->errorHandler(2, 'Undefined varia...', 'C:\\Xampp\\htdocs...', 14)
#1 C:\Xampp\htdocs\libreria\system\View\View.php(220): include('C:\\Xampp\\htdocs...')
#2 C:\Xampp\htdocs\libreria\system\View\View.php(222): CodeIgniter\View\View->CodeIgniter\View\{closure}()
#3 C:\Xampp\htdocs\libreria\system\Common.php(1217): CodeIgniter\View\View->render('libros/listar', Array, true)
#4 C:\Xampp\htdocs\libreria\app\Controllers\Home.php(9): view('libros/listar')
#5 C:\Xampp\htdocs\libreria\system\CodeIgniter.php(936): App\Controllers\Home->index()
#6 C:\Xampp\htdocs\libreria\system\CodeIgniter.php(432): CodeIgniter\CodeIgniter->runController(Object(App\Controllers\Home))
#7 C:\Xampp\htdocs\libreria\system\CodeIgniter.php(333): CodeIgniter\CodeIgniter->handleRequest(NULL, Object(Config\Cache), false)
#8 C:\Xampp\htdocs\libreria\public\index.php(44): CodeIgniter\CodeIgniter->run()
#9 {main}
CRITICAL - 2022-02-17 22:45:19 --> Undefined variable $libros
#0 C:\Xampp\htdocs\libreria\app\Views\libros\listar.php(14): CodeIgniter\Debug\Exceptions->errorHandler(2, 'Undefined varia...', 'C:\\Xampp\\htdocs...', 14)
#1 C:\Xampp\htdocs\libreria\system\View\View.php(220): include('C:\\Xampp\\htdocs...')
#2 C:\Xampp\htdocs\libreria\system\View\View.php(222): CodeIgniter\View\View->CodeIgniter\View\{closure}()
#3 C:\Xampp\htdocs\libreria\system\Common.php(1217): CodeIgniter\View\View->render('libros/listar', Array, true)
#4 C:\Xampp\htdocs\libreria\app\Controllers\Home.php(9): view('libros/listar')
#5 C:\Xampp\htdocs\libreria\system\CodeIgniter.php(936): App\Controllers\Home->index()
#6 C:\Xampp\htdocs\libreria\system\CodeIgniter.php(432): CodeIgniter\CodeIgniter->runController(Object(App\Controllers\Home))
#7 C:\Xampp\htdocs\libreria\system\CodeIgniter.php(333): CodeIgniter\CodeIgniter->handleRequest(NULL, Object(Config\Cache), false)
#8 C:\Xampp\htdocs\libreria\public\index.php(44): CodeIgniter\CodeIgniter->run()
#9 {main}
CRITICAL - 2022-02-17 22:45:21 --> Undefined variable $libros
#0 C:\Xampp\htdocs\libreria\app\Views\libros\listar.php(14): CodeIgniter\Debug\Exceptions->errorHandler(2, 'Undefined varia...', 'C:\\Xampp\\htdocs...', 14)
#1 C:\Xampp\htdocs\libreria\system\View\View.php(220): include('C:\\Xampp\\htdocs...')
#2 C:\Xampp\htdocs\libreria\system\View\View.php(222): CodeIgniter\View\View->CodeIgniter\View\{closure}()
#3 C:\Xampp\htdocs\libreria\system\Common.php(1217): CodeIgniter\View\View->render('libros/listar', Array, true)
#4 C:\Xampp\htdocs\libreria\app\Controllers\Home.php(9): view('libros/listar')
#5 C:\Xampp\htdocs\libreria\system\CodeIgniter.php(936): App\Controllers\Home->index()
#6 C:\Xampp\htdocs\libreria\system\CodeIgniter.php(432): CodeIgniter\CodeIgniter->runController(Object(App\Controllers\Home))
#7 C:\Xampp\htdocs\libreria\system\CodeIgniter.php(333): CodeIgniter\CodeIgniter->handleRequest(NULL, Object(Config\Cache), false)
#8 C:\Xampp\htdocs\libreria\public\index.php(44): CodeIgniter\CodeIgniter->run()
#9 {main}
CRITICAL - 2022-02-17 22:46:13 --> Undefined variable $libros
#0 C:\Xampp\htdocs\libreria\app\Views\libros\listar.php(16): CodeIgniter\Debug\Exceptions->errorHandler(2, 'Undefined varia...', 'C:\\Xampp\\htdocs...', 16)
#1 C:\Xampp\htdocs\libreria\system\View\View.php(220): include('C:\\Xampp\\htdocs...')
#2 C:\Xampp\htdocs\libreria\system\View\View.php(222): CodeIgniter\View\View->CodeIgniter\View\{closure}()
#3 C:\Xampp\htdocs\libreria\system\Common.php(1217): CodeIgniter\View\View->render('libros/listar', Array, true)
#4 C:\Xampp\htdocs\libreria\app\Controllers\Home.php(9): view('libros/listar')
#5 C:\Xampp\htdocs\libreria\system\CodeIgniter.php(936): App\Controllers\Home->index()
#6 C:\Xampp\htdocs\libreria\system\CodeIgniter.php(432): CodeIgniter\CodeIgniter->runController(Object(App\Controllers\Home))
#7 C:\Xampp\htdocs\libreria\system\CodeIgniter.php(333): CodeIgniter\CodeIgniter->handleRequest(NULL, Object(Config\Cache), false)
#8 C:\Xampp\htdocs\libreria\public\index.php(44): CodeIgniter\CodeIgniter->run()
#9 {main}
CRITICAL - 2022-02-17 22:53:16 --> Undefined variable $libros
#0 C:\Xampp\htdocs\libreria\app\Views\libros\listar.php(16): CodeIgniter\Debug\Exceptions->errorHandler(2, 'Undefined varia...', 'C:\\Xampp\\htdocs...', 16)
#1 C:\Xampp\htdocs\libreria\system\View\View.php(220): include('C:\\Xampp\\htdocs...')
#2 C:\Xampp\htdocs\libreria\system\View\View.php(222): CodeIgniter\View\View->CodeIgniter\View\{closure}()
#3 C:\Xampp\htdocs\libreria\system\Common.php(1217): CodeIgniter\View\View->render('libros/listar', Array, true)
#4 C:\Xampp\htdocs\libreria\app\Controllers\Home.php(9): view('libros/listar')
#5 C:\Xampp\htdocs\libreria\system\CodeIgniter.php(936): App\Controllers\Home->index()
#6 C:\Xampp\htdocs\libreria\system\CodeIgniter.php(432): CodeIgniter\CodeIgniter->runController(Object(App\Controllers\Home))
#7 C:\Xampp\htdocs\libreria\system\CodeIgniter.php(333): CodeIgniter\CodeIgniter->handleRequest(NULL, Object(Config\Cache), false)
#8 C:\Xampp\htdocs\libreria\public\index.php(44): CodeIgniter\CodeIgniter->run()
#9 {main}
CRITICAL - 2022-02-17 22:56:31 --> Undefined variable $libros
#0 C:\Xampp\htdocs\libreria\app\Views\libros\listar.php(16): CodeIgniter\Debug\Exceptions->errorHandler(2, 'Undefined varia...', 'C:\\Xampp\\htdocs...', 16)
#1 C:\Xampp\htdocs\libreria\system\View\View.php(220): include('C:\\Xampp\\htdocs...')
#2 C:\Xampp\htdocs\libreria\system\View\View.php(222): CodeIgniter\View\View->CodeIgniter\View\{closure}()
#3 C:\Xampp\htdocs\libreria\system\Common.php(1217): CodeIgniter\View\View->render('libros/listar', Array, true)
#4 C:\Xampp\htdocs\libreria\app\Controllers\Home.php(9): view('libros/listar')
#5 C:\Xampp\htdocs\libreria\system\CodeIgniter.php(936): App\Controllers\Home->index()
#6 C:\Xampp\htdocs\libreria\system\CodeIgniter.php(432): CodeIgniter\CodeIgniter->runController(Object(App\Controllers\Home))
#7 C:\Xampp\htdocs\libreria\system\CodeIgniter.php(333): CodeIgniter\CodeIgniter->handleRequest(NULL, Object(Config\Cache), false)
#8 C:\Xampp\htdocs\libreria\public\index.php(44): CodeIgniter\CodeIgniter->run()
#9 {main}
CRITICAL - 2022-02-17 22:56:32 --> Undefined variable $libros
#0 C:\Xampp\htdocs\libreria\app\Views\libros\listar.php(16): CodeIgniter\Debug\Exceptions->errorHandler(2, 'Undefined varia...', 'C:\\Xampp\\htdocs...', 16)
#1 C:\Xampp\htdocs\libreria\system\View\View.php(220): include('C:\\Xampp\\htdocs...')
#2 C:\Xampp\htdocs\libreria\system\View\View.php(222): CodeIgniter\View\View->CodeIgniter\View\{closure}()
#3 C:\Xampp\htdocs\libreria\system\Common.php(1217): CodeIgniter\View\View->render('libros/listar', Array, true)
#4 C:\Xampp\htdocs\libreria\app\Controllers\Home.php(9): view('libros/listar')
#5 C:\Xampp\htdocs\libreria\system\CodeIgniter.php(936): App\Controllers\Home->index()
#6 C:\Xampp\htdocs\libreria\system\CodeIgniter.php(432): CodeIgniter\CodeIgniter->runController(Object(App\Controllers\Home))
#7 C:\Xampp\htdocs\libreria\system\CodeIgniter.php(333): CodeIgniter\CodeIgniter->handleRequest(NULL, Object(Config\Cache), false)
#8 C:\Xampp\htdocs\libreria\public\index.php(44): CodeIgniter\CodeIgniter->run()
#9 {main}
CRITICAL - 2022-02-17 22:56:32 --> Undefined variable $libros
#0 C:\Xampp\htdocs\libreria\app\Views\libros\listar.php(16): CodeIgniter\Debug\Exceptions->errorHandler(2, 'Undefined varia...', 'C:\\Xampp\\htdocs...', 16)
#1 C:\Xampp\htdocs\libreria\system\View\View.php(220): include('C:\\Xampp\\htdocs...')
#2 C:\Xampp\htdocs\libreria\system\View\View.php(222): CodeIgniter\View\View->CodeIgniter\View\{closure}()
#3 C:\Xampp\htdocs\libreria\system\Common.php(1217): CodeIgniter\View\View->render('libros/listar', Array, true)
#4 C:\Xampp\htdocs\libreria\app\Controllers\Home.php(9): view('libros/listar')
#5 C:\Xampp\htdocs\libreria\system\CodeIgniter.php(936): App\Controllers\Home->index()
#6 C:\Xampp\htdocs\libreria\system\CodeIgniter.php(432): CodeIgniter\CodeIgniter->runController(Object(App\Controllers\Home))
#7 C:\Xampp\htdocs\libreria\system\CodeIgniter.php(333): CodeIgniter\CodeIgniter->handleRequest(NULL, Object(Config\Cache), false)
#8 C:\Xampp\htdocs\libreria\public\index.php(44): CodeIgniter\CodeIgniter->run()
#9 {main}
CRITICAL - 2022-02-17 22:56:33 --> Undefined variable $libros
#0 C:\Xampp\htdocs\libreria\app\Views\libros\listar.php(16): CodeIgniter\Debug\Exceptions->errorHandler(2, 'Undefined varia...', 'C:\\Xampp\\htdocs...', 16)
#1 C:\Xampp\htdocs\libreria\system\View\View.php(220): include('C:\\Xampp\\htdocs...')
#2 C:\Xampp\htdocs\libreria\system\View\View.php(222): CodeIgniter\View\View->CodeIgniter\View\{closure}()
#3 C:\Xampp\htdocs\libreria\system\Common.php(1217): CodeIgniter\View\View->render('libros/listar', Array, true)
#4 C:\Xampp\htdocs\libreria\app\Controllers\Home.php(9): view('libros/listar')
#5 C:\Xampp\htdocs\libreria\system\CodeIgniter.php(936): App\Controllers\Home->index()
#6 C:\Xampp\htdocs\libreria\system\CodeIgniter.php(432): CodeIgniter\CodeIgniter->runController(Object(App\Controllers\Home))
#7 C:\Xampp\htdocs\libreria\system\CodeIgniter.php(333): CodeIgniter\CodeIgniter->handleRequest(NULL, Object(Config\Cache), false)
#8 C:\Xampp\htdocs\libreria\public\index.php(44): CodeIgniter\CodeIgniter->run()
#9 {main}
CRITICAL - 2022-02-17 22:56:33 --> Undefined variable $libros
#0 C:\Xampp\htdocs\libreria\app\Views\libros\listar.php(16): CodeIgniter\Debug\Exceptions->errorHandler(2, 'Undefined varia...', 'C:\\Xampp\\htdocs...', 16)
#1 C:\Xampp\htdocs\libreria\system\View\View.php(220): include('C:\\Xampp\\htdocs...')
#2 C:\Xampp\htdocs\libreria\system\View\View.php(222): CodeIgniter\View\View->CodeIgniter\View\{closure}()
#3 C:\Xampp\htdocs\libreria\system\Common.php(1217): CodeIgniter\View\View->render('libros/listar', Array, true)
#4 C:\Xampp\htdocs\libreria\app\Controllers\Home.php(9): view('libros/listar')
#5 C:\Xampp\htdocs\libreria\system\CodeIgniter.php(936): App\Controllers\Home->index()
#6 C:\Xampp\htdocs\libreria\system\CodeIgniter.php(432): CodeIgniter\CodeIgniter->runController(Object(App\Controllers\Home))
#7 C:\Xampp\htdocs\libreria\system\CodeIgniter.php(333): CodeIgniter\CodeIgniter->handleRequest(NULL, Object(Config\Cache), false)
#8 C:\Xampp\htdocs\libreria\public\index.php(44): CodeIgniter\CodeIgniter->run()
#9 {main}
CRITICAL - 2022-02-17 22:56:33 --> Undefined variable $libros
#0 C:\Xampp\htdocs\libreria\app\Views\libros\listar.php(16): CodeIgniter\Debug\Exceptions->errorHandler(2, 'Undefined varia...', 'C:\\Xampp\\htdocs...', 16)
#1 C:\Xampp\htdocs\libreria\system\View\View.php(220): include('C:\\Xampp\\htdocs...')
#2 C:\Xampp\htdocs\libreria\system\View\View.php(222): CodeIgniter\View\View->CodeIgniter\View\{closure}()
#3 C:\Xampp\htdocs\libreria\system\Common.php(1217): CodeIgniter\View\View->render('libros/listar', Array, true)
#4 C:\Xampp\htdocs\libreria\app\Controllers\Home.php(9): view('libros/listar')
#5 C:\Xampp\htdocs\libreria\system\CodeIgniter.php(936): App\Controllers\Home->index()
#6 C:\Xampp\htdocs\libreria\system\CodeIgniter.php(432): CodeIgniter\CodeIgniter->runController(Object(App\Controllers\Home))
#7 C:\Xampp\htdocs\libreria\system\CodeIgniter.php(333): CodeIgniter\CodeIgniter->handleRequest(NULL, Object(Config\Cache), false)
#8 C:\Xampp\htdocs\libreria\public\index.php(44): CodeIgniter\CodeIgniter->run()
#9 {main}
CRITICAL - 2022-02-17 22:56:34 --> Undefined variable $libros
#0 C:\Xampp\htdocs\libreria\app\Views\libros\listar.php(16): CodeIgniter\Debug\Exceptions->errorHandler(2, 'Undefined varia...', 'C:\\Xampp\\htdocs...', 16)
#1 C:\Xampp\htdocs\libreria\system\View\View.php(220): include('C:\\Xampp\\htdocs...')
#2 C:\Xampp\htdocs\libreria\system\View\View.php(222): CodeIgniter\View\View->CodeIgniter\View\{closure}()
#3 C:\Xampp\htdocs\libreria\system\Common.php(1217): CodeIgniter\View\View->render('libros/listar', Array, true)
#4 C:\Xampp\htdocs\libreria\app\Controllers\Home.php(9): view('libros/listar')
#5 C:\Xampp\htdocs\libreria\system\CodeIgniter.php(936): App\Controllers\Home->index()
#6 C:\Xampp\htdocs\libreria\system\CodeIgniter.php(432): CodeIgniter\CodeIgniter->runController(Object(App\Controllers\Home))
#7 C:\Xampp\htdocs\libreria\system\CodeIgniter.php(333): CodeIgniter\CodeIgniter->handleRequest(NULL, Object(Config\Cache), false)
#8 C:\Xampp\htdocs\libreria\public\index.php(44): CodeIgniter\CodeIgniter->run()
#9 {main}
CRITICAL - 2022-02-17 23:00:07 --> Undefined variable $libros
#0 C:\Xampp\htdocs\libreria\app\Views\libros\listar.php(16): CodeIgniter\Debug\Exceptions->errorHandler(2, 'Undefined varia...', 'C:\\Xampp\\htdocs...', 16)
#1 C:\Xampp\htdocs\libreria\system\View\View.php(220): include('C:\\Xampp\\htdocs...')
#2 C:\Xampp\htdocs\libreria\system\View\View.php(222): CodeIgniter\View\View->CodeIgniter\View\{closure}()
#3 C:\Xampp\htdocs\libreria\system\Common.php(1217): CodeIgniter\View\View->render('libros/listar', Array, true)
#4 C:\Xampp\htdocs\libreria\app\Controllers\Home.php(9): view('libros/listar')
#5 C:\Xampp\htdocs\libreria\system\CodeIgniter.php(936): App\Controllers\Home->index()
#6 C:\Xampp\htdocs\libreria\system\CodeIgniter.php(432): CodeIgniter\CodeIgniter->runController(Object(App\Controllers\Home))
#7 C:\Xampp\htdocs\libreria\system\CodeIgniter.php(333): CodeIgniter\CodeIgniter->handleRequest(NULL, Object(Config\Cache), false)
#8 C:\Xampp\htdocs\libreria\public\index.php(44): CodeIgniter\CodeIgniter->run()
#9 {main}
CRITICAL - 2022-02-17 23:00:58 --> Undefined variable $libros
#0 C:\Xampp\htdocs\libreria\app\Views\libros\listar.php(16): CodeIgniter\Debug\Exceptions->errorHandler(2, 'Undefined varia...', 'C:\\Xampp\\htdocs...', 16)
#1 C:\Xampp\htdocs\libreria\system\View\View.php(220): include('C:\\Xampp\\htdocs...')
#2 C:\Xampp\htdocs\libreria\system\View\View.php(222): CodeIgniter\View\View->CodeIgniter\View\{closure}()
#3 C:\Xampp\htdocs\libreria\system\Common.php(1217): CodeIgniter\View\View->render('libros/listar', Array, true)
#4 C:\Xampp\htdocs\libreria\app\Controllers\Home.php(9): view('libros/listar')
#5 C:\Xampp\htdocs\libreria\system\CodeIgniter.php(936): App\Controllers\Home->index()
#6 C:\Xampp\htdocs\libreria\system\CodeIgniter.php(432): CodeIgniter\CodeIgniter->runController(Object(App\Controllers\Home))
#7 C:\Xampp\htdocs\libreria\system\CodeIgniter.php(333): CodeIgniter\CodeIgniter->handleRequest(NULL, Object(Config\Cache), false)
#8 C:\Xampp\htdocs\libreria\public\index.php(44): CodeIgniter\CodeIgniter->run()
#9 {main}
CRITICAL - 2022-02-17 23:04:07 --> Undefined variable $libros
#0 C:\Xampp\htdocs\libreria\app\Views\libros\listar.php(20): CodeIgniter\Debug\Exceptions->errorHandler(2, 'Undefined varia...', 'C:\\Xampp\\htdocs...', 20)
#1 C:\Xampp\htdocs\libreria\system\View\View.php(220): include('C:\\Xampp\\htdocs...')
#2 C:\Xampp\htdocs\libreria\system\View\View.php(222): CodeIgniter\View\View->CodeIgniter\View\{closure}()
#3 C:\Xampp\htdocs\libreria\system\Common.php(1217): CodeIgniter\View\View->render('libros/listar', Array, true)
#4 C:\Xampp\htdocs\libreria\app\Controllers\Home.php(9): view('libros/listar')
#5 C:\Xampp\htdocs\libreria\system\CodeIgniter.php(936): App\Controllers\Home->index()
#6 C:\Xampp\htdocs\libreria\system\CodeIgniter.php(432): CodeIgniter\CodeIgniter->runController(Object(App\Controllers\Home))
#7 C:\Xampp\htdocs\libreria\system\CodeIgniter.php(333): CodeIgniter\CodeIgniter->handleRequest(NULL, Object(Config\Cache), false)
#8 C:\Xampp\htdocs\libreria\public\index.php(44): CodeIgniter\CodeIgniter->run()
#9 {main}
CRITICAL - 2022-02-17 23:06:48 --> Undefined variable $libros
#0 C:\Xampp\htdocs\libreria\app\Views\libros\listar.php(20): CodeIgniter\Debug\Exceptions->errorHandler(2, 'Undefined varia...', 'C:\\Xampp\\htdocs...', 20)
#1 C:\Xampp\htdocs\libreria\system\View\View.php(220): include('C:\\Xampp\\htdocs...')
#2 C:\Xampp\htdocs\libreria\system\View\View.php(222): CodeIgniter\View\View->CodeIgniter\View\{closure}()
#3 C:\Xampp\htdocs\libreria\system\Common.php(1217): CodeIgniter\View\View->render('libros/listar', Array, true)
#4 C:\Xampp\htdocs\libreria\app\Controllers\Home.php(9): view('libros/listar')
#5 C:\Xampp\htdocs\libreria\system\CodeIgniter.php(936): App\Controllers\Home->index()
#6 C:\Xampp\htdocs\libreria\system\CodeIgniter.php(432): CodeIgniter\CodeIgniter->runController(Object(App\Controllers\Home))
#7 C:\Xampp\htdocs\libreria\system\CodeIgniter.php(333): CodeIgniter\CodeIgniter->handleRequest(NULL, Object(Config\Cache), false)
#8 C:\Xampp\htdocs\libreria\public\index.php(44): CodeIgniter\CodeIgniter->run()
#9 {main}
CRITICAL - 2022-02-17 23:07:56 --> Undefined variable $libros
#0 C:\Xampp\htdocs\libreria\app\Views\libros\listar.php(20): CodeIgniter\Debug\Exceptions->errorHandler(2, 'Undefined varia...', 'C:\\Xampp\\htdocs...', 20)
#1 C:\Xampp\htdocs\libreria\system\View\View.php(220): include('C:\\Xampp\\htdocs...')
#2 C:\Xampp\htdocs\libreria\system\View\View.php(222): CodeIgniter\View\View->CodeIgniter\View\{closure}()
#3 C:\Xampp\htdocs\libreria\system\Common.php(1217): CodeIgniter\View\View->render('libros/listar', Array, true)
#4 C:\Xampp\htdocs\libreria\app\Controllers\Home.php(9): view('libros/listar')
#5 C:\Xampp\htdocs\libreria\system\CodeIgniter.php(936): App\Controllers\Home->index()
#6 C:\Xampp\htdocs\libreria\system\CodeIgniter.php(432): CodeIgniter\CodeIgniter->runController(Object(App\Controllers\Home))
#7 C:\Xampp\htdocs\libreria\system\CodeIgniter.php(333): CodeIgniter\CodeIgniter->handleRequest(NULL, Object(Config\Cache), false)
#8 C:\Xampp\htdocs\libreria\public\index.php(44): CodeIgniter\CodeIgniter->run()
#9 {main}
CRITICAL - 2022-02-17 23:12:23 --> Undefined variable $libros
#0 C:\Xampp\htdocs\libreria\app\Views\libros\listar.php(20): CodeIgniter\Debug\Exceptions->errorHandler(2, 'Undefined varia...', 'C:\\Xampp\\htdocs...', 20)
#1 C:\Xampp\htdocs\libreria\system\View\View.php(220): include('C:\\Xampp\\htdocs...')
#2 C:\Xampp\htdocs\libreria\system\View\View.php(222): CodeIgniter\View\View->CodeIgniter\View\{closure}()
#3 C:\Xampp\htdocs\libreria\system\Common.php(1217): CodeIgniter\View\View->render('libros/listar', Array, true)
#4 C:\Xampp\htdocs\libreria\app\Controllers\Home.php(9): view('libros/listar')
#5 C:\Xampp\htdocs\libreria\system\CodeIgniter.php(936): App\Controllers\Home->index()
#6 C:\Xampp\htdocs\libreria\system\CodeIgniter.php(432): CodeIgniter\CodeIgniter->runController(Object(App\Controllers\Home))
#7 C:\Xampp\htdocs\libreria\system\CodeIgniter.php(333): CodeIgniter\CodeIgniter->handleRequest(NULL, Object(Config\Cache), false)
#8 C:\Xampp\htdocs\libreria\public\index.php(44): CodeIgniter\CodeIgniter->run()
#9 {main}
CRITICAL - 2022-02-17 23:12:37 --> Undefined variable $libros
#0 C:\Xampp\htdocs\libreria\app\Views\libros\listar.php(16): CodeIgniter\Debug\Exceptions->errorHandler(2, 'Undefined varia...', 'C:\\Xampp\\htdocs...', 16)
#1 C:\Xampp\htdocs\libreria\system\View\View.php(220): include('C:\\Xampp\\htdocs...')
#2 C:\Xampp\htdocs\libreria\system\View\View.php(222): CodeIgniter\View\View->CodeIgniter\View\{closure}()
#3 C:\Xampp\htdocs\libreria\system\Common.php(1217): CodeIgniter\View\View->render('libros/listar', Array, true)
#4 C:\Xampp\htdocs\libreria\app\Controllers\Home.php(9): view('libros/listar')
#5 C:\Xampp\htdocs\libreria\system\CodeIgniter.php(936): App\Controllers\Home->index()
#6 C:\Xampp\htdocs\libreria\system\CodeIgniter.php(432): CodeIgniter\CodeIgniter->runController(Object(App\Controllers\Home))
#7 C:\Xampp\htdocs\libreria\system\CodeIgniter.php(333): CodeIgniter\CodeIgniter->handleRequest(NULL, Object(Config\Cache), false)
#8 C:\Xampp\htdocs\libreria\public\index.php(44): CodeIgniter\CodeIgniter->run()
#9 {main}
CRITICAL - 2022-02-17 23:12:51 --> Undefined variable $libros
#0 C:\Xampp\htdocs\libreria\app\Views\libros\listar.php(16): CodeIgniter\Debug\Exceptions->errorHandler(2, 'Undefined varia...', 'C:\\Xampp\\htdocs...', 16)
#1 C:\Xampp\htdocs\libreria\system\View\View.php(220): include('C:\\Xampp\\htdocs...')
#2 C:\Xampp\htdocs\libreria\system\View\View.php(222): CodeIgniter\View\View->CodeIgniter\View\{closure}()
#3 C:\Xampp\htdocs\libreria\system\Common.php(1217): CodeIgniter\View\View->render('libros/listar', Array, true)
#4 C:\Xampp\htdocs\libreria\app\Controllers\Home.php(9): view('libros/listar')
#5 C:\Xampp\htdocs\libreria\system\CodeIgniter.php(936): App\Controllers\Home->index()
#6 C:\Xampp\htdocs\libreria\system\CodeIgniter.php(432): CodeIgniter\CodeIgniter->runController(Object(App\Controllers\Home))
#7 C:\Xampp\htdocs\libreria\system\CodeIgniter.php(333): CodeIgniter\CodeIgniter->handleRequest(NULL, Object(Config\Cache), false)
#8 C:\Xampp\htdocs\libreria\public\index.php(44): CodeIgniter\CodeIgniter->run()
#9 {main}
CRITICAL - 2022-02-17 23:18:28 --> Undefined variable $libros
#0 C:\Xampp\htdocs\libreria\app\Views\libros\listar.php(16): CodeIgniter\Debug\Exceptions->errorHandler(2, 'Undefined varia...', 'C:\\Xampp\\htdocs...', 16)
#1 C:\Xampp\htdocs\libreria\system\View\View.php(220): include('C:\\Xampp\\htdocs...')
#2 C:\Xampp\htdocs\libreria\system\View\View.php(222): CodeIgniter\View\View->CodeIgniter\View\{closure}()
#3 C:\Xampp\htdocs\libreria\system\Common.php(1217): CodeIgniter\View\View->render('libros/listar', Array, true)
#4 C:\Xampp\htdocs\libreria\app\Controllers\Home.php(9): view('libros/listar')
#5 C:\Xampp\htdocs\libreria\system\CodeIgniter.php(936): App\Controllers\Home->index()
#6 C:\Xampp\htdocs\libreria\system\CodeIgniter.php(432): CodeIgniter\CodeIgniter->runController(Object(App\Controllers\Home))
#7 C:\Xampp\htdocs\libreria\system\CodeIgniter.php(333): CodeIgniter\CodeIgniter->handleRequest(NULL, Object(Config\Cache), false)
#8 C:\Xampp\htdocs\libreria\public\index.php(44): CodeIgniter\CodeIgniter->run()
#9 {main}
CRITICAL - 2022-02-17 23:21:50 --> Undefined variable $libros
#0 C:\Xampp\htdocs\libreria\app\Views\libros\listar.php(16): CodeIgniter\Debug\Exceptions->errorHandler(2, 'Undefined varia...', 'C:\\Xampp\\htdocs...', 16)
#1 C:\Xampp\htdocs\libreria\system\View\View.php(220): include('C:\\Xampp\\htdocs...')
#2 C:\Xampp\htdocs\libreria\system\View\View.php(222): CodeIgniter\View\View->CodeIgniter\View\{closure}()
#3 C:\Xampp\htdocs\libreria\system\Common.php(1217): CodeIgniter\View\View->render('libros/listar', Array, true)
#4 C:\Xampp\htdocs\libreria\app\Controllers\Home.php(9): view('libros/listar')
#5 C:\Xampp\htdocs\libreria\system\CodeIgniter.php(936): App\Controllers\Home->index()
#6 C:\Xampp\htdocs\libreria\system\CodeIgniter.php(432): CodeIgniter\CodeIgniter->runController(Object(App\Controllers\Home))
#7 C:\Xampp\htdocs\libreria\system\CodeIgniter.php(333): CodeIgniter\CodeIgniter->handleRequest(NULL, Object(Config\Cache), false)
#8 C:\Xampp\htdocs\libreria\public\index.php(44): CodeIgniter\CodeIgniter->run()
#9 {main}
CRITICAL - 2022-02-17 23:22:27 --> Undefined variable $libros
#0 C:\Xampp\htdocs\libreria\app\Views\libros\listar.php(16): CodeIgniter\Debug\Exceptions->errorHandler(2, 'Undefined varia...', 'C:\\Xampp\\htdocs...', 16)
#1 C:\Xampp\htdocs\libreria\system\View\View.php(220): include('C:\\Xampp\\htdocs...')
#2 C:\Xampp\htdocs\libreria\system\View\View.php(222): CodeIgniter\View\View->CodeIgniter\View\{closure}()
#3 C:\Xampp\htdocs\libreria\system\Common.php(1217): CodeIgniter\View\View->render('libros/listar', Array, true)
#4 C:\Xampp\htdocs\libreria\app\Controllers\Home.php(9): view('libros/listar')
#5 C:\Xampp\htdocs\libreria\system\CodeIgniter.php(936): App\Controllers\Home->index()
#6 C:\Xampp\htdocs\libreria\system\CodeIgniter.php(432): CodeIgniter\CodeIgniter->runController(Object(App\Controllers\Home))
#7 C:\Xampp\htdocs\libreria\system\CodeIgniter.php(333): CodeIgniter\CodeIgniter->handleRequest(NULL, Object(Config\Cache), false)
#8 C:\Xampp\htdocs\libreria\public\index.php(44): CodeIgniter\CodeIgniter->run()
#9 {main}
CRITICAL - 2022-02-17 23:22:28 --> Undefined variable $libros
#0 C:\Xampp\htdocs\libreria\app\Views\libros\listar.php(16): CodeIgniter\Debug\Exceptions->errorHandler(2, 'Undefined varia...', 'C:\\Xampp\\htdocs...', 16)
#1 C:\Xampp\htdocs\libreria\system\View\View.php(220): include('C:\\Xampp\\htdocs...')
#2 C:\Xampp\htdocs\libreria\system\View\View.php(222): CodeIgniter\View\View->CodeIgniter\View\{closure}()
#3 C:\Xampp\htdocs\libreria\system\Common.php(1217): CodeIgniter\View\View->render('libros/listar', Array, true)
#4 C:\Xampp\htdocs\libreria\app\Controllers\Home.php(9): view('libros/listar')
#5 C:\Xampp\htdocs\libreria\system\CodeIgniter.php(936): App\Controllers\Home->index()
#6 C:\Xampp\htdocs\libreria\system\CodeIgniter.php(432): CodeIgniter\CodeIgniter->runController(Object(App\Controllers\Home))
#7 C:\Xampp\htdocs\libreria\system\CodeIgniter.php(333): CodeIgniter\CodeIgniter->handleRequest(NULL, Object(Config\Cache), false)
#8 C:\Xampp\htdocs\libreria\public\index.php(44): CodeIgniter\CodeIgniter->run()
#9 {main}
CRITICAL - 2022-02-17 23:22:28 --> Undefined variable $libros
#0 C:\Xampp\htdocs\libreria\app\Views\libros\listar.php(16): CodeIgniter\Debug\Exceptions->errorHandler(2, 'Undefined varia...', 'C:\\Xampp\\htdocs...', 16)
#1 C:\Xampp\htdocs\libreria\system\View\View.php(220): include('C:\\Xampp\\htdocs...')
#2 C:\Xampp\htdocs\libreria\system\View\View.php(222): CodeIgniter\View\View->CodeIgniter\View\{closure}()
#3 C:\Xampp\htdocs\libreria\system\Common.php(1217): CodeIgniter\View\View->render('libros/listar', Array, true)
#4 C:\Xampp\htdocs\libreria\app\Controllers\Home.php(9): view('libros/listar')
#5 C:\Xampp\htdocs\libreria\system\CodeIgniter.php(936): App\Controllers\Home->index()
#6 C:\Xampp\htdocs\libreria\system\CodeIgniter.php(432): CodeIgniter\CodeIgniter->runController(Object(App\Controllers\Home))
#7 C:\Xampp\htdocs\libreria\system\CodeIgniter.php(333): CodeIgniter\CodeIgniter->handleRequest(NULL, Object(Config\Cache), false)
#8 C:\Xampp\htdocs\libreria\public\index.php(44): CodeIgniter\CodeIgniter->run()
#9 {main}
CRITICAL - 2022-02-17 23:22:28 --> Undefined variable $libros
#0 C:\Xampp\htdocs\libreria\app\Views\libros\listar.php(16): CodeIgniter\Debug\Exceptions->errorHandler(2, 'Undefined varia...', 'C:\\Xampp\\htdocs...', 16)
#1 C:\Xampp\htdocs\libreria\system\View\View.php(220): include('C:\\Xampp\\htdocs...')
#2 C:\Xampp\htdocs\libreria\system\View\View.php(222): CodeIgniter\View\View->CodeIgniter\View\{closure}()
#3 C:\Xampp\htdocs\libreria\system\Common.php(1217): CodeIgniter\View\View->render('libros/listar', Array, true)
#4 C:\Xampp\htdocs\libreria\app\Controllers\Home.php(9): view('libros/listar')
#5 C:\Xampp\htdocs\libreria\system\CodeIgniter.php(936): App\Controllers\Home->index()
#6 C:\Xampp\htdocs\libreria\system\CodeIgniter.php(432): CodeIgniter\CodeIgniter->runController(Object(App\Controllers\Home))
#7 C:\Xampp\htdocs\libreria\system\CodeIgniter.php(333): CodeIgniter\CodeIgniter->handleRequest(NULL, Object(Config\Cache), false)
#8 C:\Xampp\htdocs\libreria\public\index.php(44): CodeIgniter\CodeIgniter->run()
#9 {main}
CRITICAL - 2022-02-17 23:22:38 --> Undefined variable $libros
#0 C:\Xampp\htdocs\libreria\app\Views\libros\listar.php(16): CodeIgniter\Debug\Exceptions->errorHandler(2, 'Undefined varia...', 'C:\\Xampp\\htdocs...', 16)
#1 C:\Xampp\htdocs\libreria\system\View\View.php(220): include('C:\\Xampp\\htdocs...')
#2 C:\Xampp\htdocs\libreria\system\View\View.php(222): CodeIgniter\View\View->CodeIgniter\View\{closure}()
#3 C:\Xampp\htdocs\libreria\system\Common.php(1217): CodeIgniter\View\View->render('libros/listar', Array, true)
#4 C:\Xampp\htdocs\libreria\app\Controllers\Home.php(9): view('libros/listar')
#5 C:\Xampp\htdocs\libreria\system\CodeIgniter.php(936): App\Controllers\Home->index()
#6 C:\Xampp\htdocs\libreria\system\CodeIgniter.php(432): CodeIgniter\CodeIgniter->runController(Object(App\Controllers\Home))
#7 C:\Xampp\htdocs\libreria\system\CodeIgniter.php(333): CodeIgniter\CodeIgniter->handleRequest(NULL, Object(Config\Cache), false)
#8 C:\Xampp\htdocs\libreria\public\index.php(44): CodeIgniter\CodeIgniter->run()
#9 {main}
CRITICAL - 2022-02-17 23:22:48 --> Undefined variable $libro
#0 C:\Xampp\htdocs\libreria\app\Views\libros\listar.php(16): CodeIgniter\Debug\Exceptions->errorHandler(2, 'Undefined varia...', 'C:\\Xampp\\htdocs...', 16)
#1 C:\Xampp\htdocs\libreria\system\View\View.php(220): include('C:\\Xampp\\htdocs...')
#2 C:\Xampp\htdocs\libreria\system\View\View.php(222): CodeIgniter\View\View->CodeIgniter\View\{closure}()
#3 C:\Xampp\htdocs\libreria\system\Common.php(1217): CodeIgniter\View\View->render('libros/listar', Array, true)
#4 C:\Xampp\htdocs\libreria\app\Controllers\Home.php(9): view('libros/listar')
#5 C:\Xampp\htdocs\libreria\system\CodeIgniter.php(936): App\Controllers\Home->index()
#6 C:\Xampp\htdocs\libreria\system\CodeIgniter.php(432): CodeIgniter\CodeIgniter->runController(Object(App\Controllers\Home))
#7 C:\Xampp\htdocs\libreria\system\CodeIgniter.php(333): CodeIgniter\CodeIgniter->handleRequest(NULL, Object(Config\Cache), false)
#8 C:\Xampp\htdocs\libreria\public\index.php(44): CodeIgniter\CodeIgniter->run()
#9 {main}
CRITICAL - 2022-02-17 23:31:56 --> Undefined variable $libros
#0 C:\Xampp\htdocs\libreria\app\Views\libros\listar.php(16): CodeIgniter\Debug\Exceptions->errorHandler(2, 'Undefined varia...', 'C:\\Xampp\\htdocs...', 16)
#1 C:\Xampp\htdocs\libreria\system\View\View.php(220): include('C:\\Xampp\\htdocs...')
#2 C:\Xampp\htdocs\libreria\system\View\View.php(222): CodeIgniter\View\View->CodeIgniter\View\{closure}()
#3 C:\Xampp\htdocs\libreria\system\Common.php(1217): CodeIgniter\View\View->render('libros/listar', Array, true)
#4 C:\Xampp\htdocs\libreria\app\Controllers\Home.php(9): view('libros/listar')
#5 C:\Xampp\htdocs\libreria\system\CodeIgniter.php(936): App\Controllers\Home->index()
#6 C:\Xampp\htdocs\libreria\system\CodeIgniter.php(432): CodeIgniter\CodeIgniter->runController(Object(App\Controllers\Home))
#7 C:\Xampp\htdocs\libreria\system\CodeIgniter.php(333): CodeIgniter\CodeIgniter->handleRequest(NULL, Object(Config\Cache), false)
#8 C:\Xampp\htdocs\libreria\public\index.php(44): CodeIgniter\CodeIgniter->run()
#9 {main}
CRITICAL - 2022-02-17 23:38:09 --> Undefined variable $datos
#0 C:\Xampp\htdocs\libreria\app\Views\libros\listar.php(16): CodeIgniter\Debug\Exceptions->errorHandler(2, 'Undefined varia...', 'C:\\Xampp\\htdocs...', 16)
#1 C:\Xampp\htdocs\libreria\system\View\View.php(220): include('C:\\Xampp\\htdocs...')
#2 C:\Xampp\htdocs\libreria\system\View\View.php(222): CodeIgniter\View\View->CodeIgniter\View\{closure}()
#3 C:\Xampp\htdocs\libreria\system\Common.php(1217): CodeIgniter\View\View->render('libros/listar', Array, true)
#4 C:\Xampp\htdocs\libreria\app\Controllers\Home.php(9): view('libros/listar')
#5 C:\Xampp\htdocs\libreria\system\CodeIgniter.php(936): App\Controllers\Home->index()
#6 C:\Xampp\htdocs\libreria\system\CodeIgniter.php(432): CodeIgniter\CodeIgniter->runController(Object(App\Controllers\Home))
#7 C:\Xampp\htdocs\libreria\system\CodeIgniter.php(333): CodeIgniter\CodeIgniter->handleRequest(NULL, Object(Config\Cache), false)
#8 C:\Xampp\htdocs\libreria\public\index.php(44): CodeIgniter\CodeIgniter->run()
#9 {main}
CRITICAL - 2022-02-17 23:38:51 --> Undefined variable $libros
#0 C:\Xampp\htdocs\libreria\app\Views\libros\listar.php(16): CodeIgniter\Debug\Exceptions->errorHandler(2, 'Undefined varia...', 'C:\\Xampp\\htdocs...', 16)
#1 C:\Xampp\htdocs\libreria\system\View\View.php(220): include('C:\\Xampp\\htdocs...')
#2 C:\Xampp\htdocs\libreria\system\View\View.php(222): CodeIgniter\View\View->CodeIgniter\View\{closure}()
#3 C:\Xampp\htdocs\libreria\system\Common.php(1217): CodeIgniter\View\View->render('libros/listar', Array, true)
#4 C:\Xampp\htdocs\libreria\app\Controllers\Home.php(9): view('libros/listar')
#5 C:\Xampp\htdocs\libreria\system\CodeIgniter.php(936): App\Controllers\Home->index()
#6 C:\Xampp\htdocs\libreria\system\CodeIgniter.php(432): CodeIgniter\CodeIgniter->runController(Object(App\Controllers\Home))
#7 C:\Xampp\htdocs\libreria\system\CodeIgniter.php(333): CodeIgniter\CodeIgniter->handleRequest(NULL, Object(Config\Cache), false)
#8 C:\Xampp\htdocs\libreria\public\index.php(44): CodeIgniter\CodeIgniter->run()
#9 {main}
CRITICAL - 2022-02-17 23:40:50 --> Undefined variable $libros
#0 C:\Xampp\htdocs\libreria\app\Views\libros\listar.php(16): CodeIgniter\Debug\Exceptions->errorHandler(2, 'Undefined varia...', 'C:\\Xampp\\htdocs...', 16)
#1 C:\Xampp\htdocs\libreria\system\View\View.php(220): include('C:\\Xampp\\htdocs...')
#2 C:\Xampp\htdocs\libreria\system\View\View.php(222): CodeIgniter\View\View->CodeIgniter\View\{closure}()
#3 C:\Xampp\htdocs\libreria\system\Common.php(1217): CodeIgniter\View\View->render('libros/listar', Array, true)
#4 C:\Xampp\htdocs\libreria\app\Controllers\Home.php(9): view('libros/listar')
#5 C:\Xampp\htdocs\libreria\system\CodeIgniter.php(936): App\Controllers\Home->index()
#6 C:\Xampp\htdocs\libreria\system\CodeIgniter.php(432): CodeIgniter\CodeIgniter->runController(Object(App\Controllers\Home))
#7 C:\Xampp\htdocs\libreria\system\CodeIgniter.php(333): CodeIgniter\CodeIgniter->handleRequest(NULL, Object(Config\Cache), false)
#8 C:\Xampp\htdocs\libreria\public\index.php(44): CodeIgniter\CodeIgniter->run()
#9 {main}
CRITICAL - 2022-02-17 23:45:14 --> Undefined variable $libros
#0 C:\Xampp\htdocs\libreria\app\Views\libros\listar.php(31): CodeIgniter\Debug\Exceptions->errorHandler(2, 'Undefined varia...', 'C:\\Xampp\\htdocs...', 31)
#1 C:\Xampp\htdocs\libreria\system\View\View.php(220): include('C:\\Xampp\\htdocs...')
#2 C:\Xampp\htdocs\libreria\system\View\View.php(222): CodeIgniter\View\View->CodeIgniter\View\{closure}()
#3 C:\Xampp\htdocs\libreria\system\Common.php(1217): CodeIgniter\View\View->render('libros/listar', Array, true)
#4 C:\Xampp\htdocs\libreria\app\Controllers\Home.php(9): view('libros/listar')
#5 C:\Xampp\htdocs\libreria\system\CodeIgniter.php(936): App\Controllers\Home->index()
#6 C:\Xampp\htdocs\libreria\system\CodeIgniter.php(432): CodeIgniter\CodeIgniter->runController(Object(App\Controllers\Home))
#7 C:\Xampp\htdocs\libreria\system\CodeIgniter.php(333): CodeIgniter\CodeIgniter->handleRequest(NULL, Object(Config\Cache), false)
#8 C:\Xampp\htdocs\libreria\public\index.php(44): CodeIgniter\CodeIgniter->run()
#9 {main}
CRITICAL - 2022-02-17 23:46:32 --> Undefined variable $libros
#0 C:\Xampp\htdocs\libreria\app\Views\libros\listar.php(31): CodeIgniter\Debug\Exceptions->errorHandler(2, 'Undefined varia...', 'C:\\Xampp\\htdocs...', 31)
#1 C:\Xampp\htdocs\libreria\system\View\View.php(220): include('C:\\Xampp\\htdocs...')
#2 C:\Xampp\htdocs\libreria\system\View\View.php(222): CodeIgniter\View\View->CodeIgniter\View\{closure}()
#3 C:\Xampp\htdocs\libreria\system\Common.php(1217): CodeIgniter\View\View->render('libros/listar', Array, true)
#4 C:\Xampp\htdocs\libreria\app\Controllers\Home.php(9): view('libros/listar')
#5 C:\Xampp\htdocs\libreria\system\CodeIgniter.php(936): App\Controllers\Home->index()
#6 C:\Xampp\htdocs\libreria\system\CodeIgniter.php(432): CodeIgniter\CodeIgniter->runController(Object(App\Controllers\Home))
#7 C:\Xampp\htdocs\libreria\system\CodeIgniter.php(333): CodeIgniter\CodeIgniter->handleRequest(NULL, Object(Config\Cache), false)
#8 C:\Xampp\htdocs\libreria\public\index.php(44): CodeIgniter\CodeIgniter->run()
#9 {main}
CRITICAL - 2022-02-17 23:46:33 --> Undefined variable $libros
#0 C:\Xampp\htdocs\libreria\app\Views\libros\listar.php(31): CodeIgniter\Debug\Exceptions->errorHandler(2, 'Undefined varia...', 'C:\\Xampp\\htdocs...', 31)
#1 C:\Xampp\htdocs\libreria\system\View\View.php(220): include('C:\\Xampp\\htdocs...')
#2 C:\Xampp\htdocs\libreria\system\View\View.php(222): CodeIgniter\View\View->CodeIgniter\View\{closure}()
#3 C:\Xampp\htdocs\libreria\system\Common.php(1217): CodeIgniter\View\View->render('libros/listar', Array, true)
#4 C:\Xampp\htdocs\libreria\app\Controllers\Home.php(9): view('libros/listar')
#5 C:\Xampp\htdocs\libreria\system\CodeIgniter.php(936): App\Controllers\Home->index()
#6 C:\Xampp\htdocs\libreria\system\CodeIgniter.php(432): CodeIgniter\CodeIgniter->runController(Object(App\Controllers\Home))
#7 C:\Xampp\htdocs\libreria\system\CodeIgniter.php(333): CodeIgniter\CodeIgniter->handleRequest(NULL, Object(Config\Cache), false)
#8 C:\Xampp\htdocs\libreria\public\index.php(44): CodeIgniter\CodeIgniter->run()
#9 {main}
CRITICAL - 2022-02-17 23:46:34 --> Undefined variable $libros
#0 C:\Xampp\htdocs\libreria\app\Views\libros\listar.php(31): CodeIgniter\Debug\Exceptions->errorHandler(2, 'Undefined varia...', 'C:\\Xampp\\htdocs...', 31)
#1 C:\Xampp\htdocs\libreria\system\View\View.php(220): include('C:\\Xampp\\htdocs...')
#2 C:\Xampp\htdocs\libreria\system\View\View.php(222): CodeIgniter\View\View->CodeIgniter\View\{closure}()
#3 C:\Xampp\htdocs\libreria\system\Common.php(1217): CodeIgniter\View\View->render('libros/listar', Array, true)
#4 C:\Xampp\htdocs\libreria\app\Controllers\Home.php(9): view('libros/listar')
#5 C:\Xampp\htdocs\libreria\system\CodeIgniter.php(936): App\Controllers\Home->index()
#6 C:\Xampp\htdocs\libreria\system\CodeIgniter.php(432): CodeIgniter\CodeIgniter->runController(Object(App\Controllers\Home))
#7 C:\Xampp\htdocs\libreria\system\CodeIgniter.php(333): CodeIgniter\CodeIgniter->handleRequest(NULL, Object(Config\Cache), false)
#8 C:\Xampp\htdocs\libreria\public\index.php(44): CodeIgniter\CodeIgniter->run()
#9 {main}
